[2m2024-10-26 16:56:09.177[0;39m [32m INFO[0;39m [35m1758[0;39m [2m---[0;39m [2m[  restartedMain][0;39m [36mkr.co.ureca.SigwApplication             [0;39m [2m:[0;39m Starting SigwApplication using Java 17.0.11 with PID 1758 (/Users/hyewonbae/IdeaProjects/SIGW/target/classes started by hyewonbae in /Users/hyewonbae/IdeaProjects/SIGW)
[2m2024-10-26 16:56:09.178[0;39m [32mDEBUG[0;39m [35m1758[0;39m [2m---[0;39m [2m[  restartedMain][0;39m [36mkr.co.ureca.SigwApplication             [0;39m [2m:[0;39m Running with Spring Boot v3.2.9-SNAPSHOT, Spring v6.1.12
[2m2024-10-26 16:56:09.178[0;39m [32m INFO[0;39m [35m1758[0;39m [2m---[0;39m [2m[  restartedMain][0;39m [36mkr.co.ureca.SigwApplication             [0;39m [2m:[0;39m No active profile set, falling back to 1 default profile: "default"
[2m2024-10-26 16:56:09.198[0;39m [32m INFO[0;39m [35m1758[0;39m [2m---[0;39m [2m[  restartedMain][0;39m [36m.e.DevToolsPropertyDefaultsPostProcessor[0;39m [2m:[0;39m Devtools property defaults active! Set 'spring.devtools.add-properties' to 'false' to disable
[2m2024-10-26 16:56:09.198[0;39m [32m INFO[0;39m [35m1758[0;39m [2m---[0;39m [2m[  restartedMain][0;39m [36m.e.DevToolsPropertyDefaultsPostProcessor[0;39m [2m:[0;39m For additional web related logging consider setting the 'logging.level.web' property to 'DEBUG'
[2m2024-10-26 16:56:09.505[0;39m [32mDEBUG[0;39m [35m1758[0;39m [2m---[0;39m [2m[  restartedMain][0;39m [36mo.m.s.b.a.MybatisAutoConfiguration      [0;39m [2m:[0;39m Searching for mappers annotated with @Mapper
[2m2024-10-26 16:56:09.506[0;39m [32mDEBUG[0;39m [35m1758[0;39m [2m---[0;39m [2m[  restartedMain][0;39m [36mo.m.s.b.a.MybatisAutoConfiguration      [0;39m [2m:[0;39m Using auto-configuration base package 'kr.co.ureca'
[2m2024-10-26 16:56:09.569[0;39m [32mDEBUG[0;39m [35m1758[0;39m [2m---[0;39m [2m[  restartedMain][0;39m [36morg.apache.ibatis.logging.LogFactory    [0;39m [2m:[0;39m Logging initialized using 'class org.apache.ibatis.logging.slf4j.Slf4jImpl' adapter.
[2m2024-10-26 16:56:09.573[0;39m [33m WARN[0;39m [35m1758[0;39m [2m---[0;39m [2m[  restartedMain][0;39m [36mo.m.s.mapper.ClassPathMapperScanner     [0;39m [2m:[0;39m No MyBatis mapper was found in '[kr.co.ureca]' package. Please check your configuration.
[2m2024-10-26 16:56:09.666[0;39m [33m WARN[0;39m [35m1758[0;39m [2m---[0;39m [2m[  restartedMain][0;39m [36mtrationDelegate$BeanPostProcessorChecker[0;39m [2m:[0;39m Bean 'org.springframework.ws.config.annotation.DelegatingWsConfiguration' of type [org.springframework.ws.config.annotation.DelegatingWsConfiguration$$SpringCGLIB$$0] is not eligible for getting processed by all BeanPostProcessors (for example: not eligible for auto-proxying). The currently created BeanPostProcessor [annotationActionEndpointMapping] is declared through a non-static factory method on that class; consider declaring it as static instead.
[2m2024-10-26 16:56:09.679[0;39m [32m INFO[0;39m [35m1758[0;39m [2m---[0;39m [2m[  restartedMain][0;39m [36m.w.s.a.s.AnnotationActionEndpointMapping[0;39m [2m:[0;39m Supporting [WS-Addressing August 2004, WS-Addressing 1.0]
[2m2024-10-26 16:56:10.004[0;39m [32m INFO[0;39m [35m1758[0;39m [2m---[0;39m [2m[  restartedMain][0;39m [36mo.s.b.w.embedded.tomcat.TomcatWebServer [0;39m [2m:[0;39m Tomcat initialized with port 8080 (http)
[2m2024-10-26 16:56:10.011[0;39m [32m INFO[0;39m [35m1758[0;39m [2m---[0;39m [2m[  restartedMain][0;39m [36mo.a.coyote.http11.Http11NioProtocol     [0;39m [2m:[0;39m Initializing ProtocolHandler ["http-nio-8080"]
[2m2024-10-26 16:56:10.013[0;39m [32m INFO[0;39m [35m1758[0;39m [2m---[0;39m [2m[  restartedMain][0;39m [36mo.apache.catalina.core.StandardService  [0;39m [2m:[0;39m Starting service [Tomcat]
[2m2024-10-26 16:56:10.013[0;39m [32m INFO[0;39m [35m1758[0;39m [2m---[0;39m [2m[  restartedMain][0;39m [36mo.apache.catalina.core.StandardEngine   [0;39m [2m:[0;39m Starting Servlet engine: [Apache Tomcat/10.1.28]
[2m2024-10-26 16:56:10.103[0;39m [32m INFO[0;39m [35m1758[0;39m [2m---[0;39m [2m[  restartedMain][0;39m [36morg.apache.jasper.servlet.TldScanner    [0;39m [2m:[0;39m At least one JAR was scanned for TLDs yet contained no TLDs. Enable debug logging for this logger for a complete list of JARs that were scanned but no TLDs were found in them. Skipping unneeded JARs during scanning can improve startup time and JSP compilation time.
[2m2024-10-26 16:56:10.106[0;39m [32m INFO[0;39m [35m1758[0;39m [2m---[0;39m [2m[  restartedMain][0;39m [36mo.a.c.c.C.[Tomcat].[localhost].[/]      [0;39m [2m:[0;39m Initializing Spring embedded WebApplicationContext
[2m2024-10-26 16:56:10.107[0;39m [32m INFO[0;39m [35m1758[0;39m [2m---[0;39m [2m[  restartedMain][0;39m [36mw.s.c.ServletWebServerApplicationContext[0;39m [2m:[0;39m Root WebApplicationContext: initialization completed in 909 ms
[2m2024-10-26 16:56:10.169[0;39m [32mDEBUG[0;39m [35m1758[0;39m [2m---[0;39m [2m[  restartedMain][0;39m [36mcom.zaxxer.hikari.HikariConfig          [0;39m [2m:[0;39m Driver class com.mysql.cj.jdbc.Driver found in Thread context class loader org.springframework.boot.devtools.restart.classloader.RestartClassLoader@9460f8d
[2m2024-10-26 16:56:10.304[0;39m [32mDEBUG[0;39m [35m1758[0;39m [2m---[0;39m [2m[  restartedMain][0;39m [36mo.mybatis.spring.SqlSessionFactoryBean  [0;39m [2m:[0;39m Parsed configuration file: 'class path resource [config/mybatis-config.xml]'
[2m2024-10-26 16:56:10.304[0;39m [32mDEBUG[0;39m [35m1758[0;39m [2m---[0;39m [2m[  restartedMain][0;39m [36mo.mybatis.spring.SqlSessionFactoryBean  [0;39m [2m:[0;39m Property 'mapperLocations' was not specified.
[2m2024-10-26 16:56:10.515[0;39m [32mDEBUG[0;39m [35m1758[0;39m [2m---[0;39m [2m[  restartedMain][0;39m [36m_.s.web.servlet.HandlerMapping.Mappings [0;39m [2m:[0;39m 
	k.c.u.c.HomeController:
	{GET [/]}: home(Model,Principal)
[2m2024-10-26 16:56:10.520[0;39m [32mDEBUG[0;39m [35m1758[0;39m [2m---[0;39m [2m[  restartedMain][0;39m [36m_.s.web.servlet.HandlerMapping.Mappings [0;39m [2m:[0;39m 
	k.c.u.c.c.CommonCodeController:
	{GET [/commoncode/form]}: form(SearchDTO,Model)
	{POST [/commoncode/insert]}: insertCode(CommonCodeDTO)
	{POST [/commoncode/delete]}: deleteCode(CommonCodeDTO)
[2m2024-10-26 16:56:10.521[0;39m [32mDEBUG[0;39m [35m1758[0;39m [2m---[0;39m [2m[  restartedMain][0;39m [36m_.s.web.servlet.HandlerMapping.Mappings [0;39m [2m:[0;39m 
	k.c.u.c.c.CommonComboController:
	{GET [/common/combo/role_all]}: roleAll()
[2m2024-10-26 16:56:10.521[0;39m [32mDEBUG[0;39m [35m1758[0;39m [2m---[0;39m [2m[  restartedMain][0;39m [36m_.s.web.servlet.HandlerMapping.Mappings [0;39m [2m:[0;39m 
	k.c.u.c.l.LoginController:
	{GET [/login_logout]}: out(HttpSession)
	{GET [/login_form]}: form()
	{POST [/login_login]}: login(HttpSession,LoginDTO,Model)
	{POST [/login_rest_login]}: restLogin(HttpSession,LoginDTO,Model)
[2m2024-10-26 16:56:10.522[0;39m [32mDEBUG[0;39m [35m1758[0;39m [2m---[0;39m [2m[  restartedMain][0;39m [36m_.s.web.servlet.HandlerMapping.Mappings [0;39m [2m:[0;39m 
	k.c.u.c.l.SecuLoginController:
	{GET [/security/form]}: form()
[2m2024-10-26 16:56:10.523[0;39m [32mDEBUG[0;39m [35m1758[0;39m [2m---[0;39m [2m[  restartedMain][0;39m [36m_.s.web.servlet.HandlerMapping.Mappings [0;39m [2m:[0;39m 
	k.c.u.c.m.MemberController:
	{GET [/member/form]}: form(SearchDTO,Model)
	{POST [/member/emp_check]}: employeeCheck(UserDTO)
	{POST [/member/insert]}: insertUser(UserDTO)
	{POST [/member/delete]}: deleteUser(UserDTO)
[2m2024-10-26 16:56:10.524[0;39m [32mDEBUG[0;39m [35m1758[0;39m [2m---[0;39m [2m[  restartedMain][0;39m [36m_.s.web.servlet.HandlerMapping.Mappings [0;39m [2m:[0;39m 
	k.c.u.c.m.RoleController:
	{GET [/role/form]}: form(Model)
	{POST [/role/insert]}: insertRole(RoleDTO)
	{POST [/role/delete]}: deleteRole(RoleDTO)
[2m2024-10-26 16:56:10.525[0;39m [32mDEBUG[0;39m [35m1758[0;39m [2m---[0;39m [2m[  restartedMain][0;39m [36m_.s.web.servlet.HandlerMapping.Mappings [0;39m [2m:[0;39m 
	k.c.u.c.v.VocationController:
	{POST [/vocation/insert]}: insert(ApproveDocument)
	{GET [/vocation/form]}: form(HttpSession,Model,Principal)
	{POST [/vocation/apprv/update]}: apprvUpdate(ApproveProcessDTO)
	{GET [/vocation/apprv/list]}: apprvList(Model,Principal)
[2m2024-10-26 16:56:10.529[0;39m [32mDEBUG[0;39m [35m1758[0;39m [2m---[0;39m [2m[  restartedMain][0;39m [36m_.s.web.servlet.HandlerMapping.Mappings [0;39m [2m:[0;39m 
	o.s.b.a.w.s.e.BasicErrorController:
	{ [/error]}: error(HttpServletRequest)
	{ [/error], produces [text/html]}: errorHtml(HttpServletRequest,HttpServletResponse)
[2m2024-10-26 16:56:10.548[0;39m [32mDEBUG[0;39m [35m1758[0;39m [2m---[0;39m [2m[  restartedMain][0;39m [36m_.s.web.servlet.HandlerMapping.Mappings [0;39m [2m:[0;39m 'beanNameHandlerMapping' {}
[2m2024-10-26 16:56:10.625[0;39m [32mDEBUG[0;39m [35m1758[0;39m [2m---[0;39m [2m[  restartedMain][0;39m [36m_.s.web.servlet.HandlerMapping.Mappings [0;39m [2m:[0;39m 'resourceHandlerMapping' {/webjars/**=ResourceHttpRequestHandler [classpath [META-INF/resources/webjars/]], /**=ResourceHttpRequestHandler [classpath [META-INF/resources/], classpath [resources/], classpath [static/], classpath [public/], ServletContext [/]]}
[2m2024-10-26 16:56:10.678[0;39m [32m INFO[0;39m [35m1758[0;39m [2m---[0;39m [2m[  restartedMain][0;39m [36mo.s.s.web.DefaultSecurityFilterChain    [0;39m [2m:[0;39m Will secure any request with [org.springframework.security.web.session.DisableEncodeUrlFilter@4b6d233c, org.springframework.security.web.context.request.async.WebAsyncManagerIntegrationFilter@2d2fbd20, org.springframework.security.web.context.SecurityContextHolderFilter@6d0629bb, org.springframework.security.web.header.HeaderWriterFilter@f6aafa2, org.springframework.security.web.authentication.logout.LogoutFilter@60384b84, org.springframework.security.web.authentication.UsernamePasswordAuthenticationFilter@4e05f728, org.springframework.security.web.savedrequest.RequestCacheAwareFilter@438f1ae8, org.springframework.security.web.servletapi.SecurityContextHolderAwareRequestFilter@47fcd5c5, org.springframework.security.web.authentication.AnonymousAuthenticationFilter@1ecb64c1, org.springframework.security.web.access.ExceptionTranslationFilter@181d6eb6, org.springframework.security.web.access.intercept.AuthorizationFilter@14d5a20]
[2m2024-10-26 16:56:10.789[0;39m [32mDEBUG[0;39m [35m1758[0;39m [2m---[0;39m [2m[  restartedMain][0;39m [36mo.m.s.b.a.MybatisAutoConfiguration      [0;39m [2m:[0;39m Not found configuration for registering mapper bean using @MapperScan, MapperFactoryBean and MapperScannerConfigurer.
[2m2024-10-26 16:56:10.912[0;39m [32m INFO[0;39m [35m1758[0;39m [2m---[0;39m [2m[  restartedMain][0;39m [36mo.s.b.d.a.OptionalLiveReloadServer      [0;39m [2m:[0;39m LiveReload server is running on port 35729
[2m2024-10-26 16:56:10.924[0;39m [32m INFO[0;39m [35m1758[0;39m [2m---[0;39m [2m[  restartedMain][0;39m [36mo.a.coyote.http11.Http11NioProtocol     [0;39m [2m:[0;39m Starting ProtocolHandler ["http-nio-8080"]
[2m2024-10-26 16:56:10.939[0;39m [32m INFO[0;39m [35m1758[0;39m [2m---[0;39m [2m[  restartedMain][0;39m [36mo.s.b.w.embedded.tomcat.TomcatWebServer [0;39m [2m:[0;39m Tomcat started on port 8080 (http) with context path ''
[2m2024-10-26 16:56:10.947[0;39m [32m INFO[0;39m [35m1758[0;39m [2m---[0;39m [2m[  restartedMain][0;39m [36mkr.co.ureca.SigwApplication             [0;39m [2m:[0;39m Started SigwApplication in 1.951 seconds (process running for 2.696)
[2m2024-10-26 16:56:20.207[0;39m [32m INFO[0;39m [35m1758[0;39m [2m---[0;39m [2m[nio-8080-exec-1][0;39m [36mo.a.c.c.C.[Tomcat].[localhost].[/]      [0;39m [2m:[0;39m Initializing Spring DispatcherServlet 'dispatcherServlet'
[2m2024-10-26 16:56:20.208[0;39m [32m INFO[0;39m [35m1758[0;39m [2m---[0;39m [2m[nio-8080-exec-1][0;39m [36mo.s.web.servlet.DispatcherServlet       [0;39m [2m:[0;39m Initializing Servlet 'dispatcherServlet'
[2m2024-10-26 16:56:20.209[0;39m [32m INFO[0;39m [35m1758[0;39m [2m---[0;39m [2m[nio-8080-exec-1][0;39m [36mo.s.web.servlet.DispatcherServlet       [0;39m [2m:[0;39m Completed initialization in 1 ms
[2m2024-10-26 16:56:20.244[0;39m [32m INFO[0;39m [35m1758[0;39m [2m---[0;39m [2m[   File Watcher][0;39m [36mrtingClassPathChangeChangedEventListener[0;39m [2m:[0;39m Restarting due to 57 class path changes (0 additions, 0 deletions, 57 modifications)
[2m2024-10-26 16:56:20.246[0;39m [32m INFO[0;39m [35m1758[0;39m [2m---[0;39m [2m[       Thread-5][0;39m [36mo.a.coyote.http11.Http11NioProtocol     [0;39m [2m:[0;39m Stopping ProtocolHandler ["http-nio-8080"]
[2m2024-10-26 16:56:20.848[0;39m [32m INFO[0;39m [35m1758[0;39m [2m---[0;39m [2m[  restartedMain][0;39m [36mkr.co.ureca.SigwApplication             [0;39m [2m:[0;39m Starting SigwApplication using Java 17.0.11 with PID 1758 (/Users/hyewonbae/IdeaProjects/SIGW/target/classes started by hyewonbae in /Users/hyewonbae/IdeaProjects/SIGW)
[2m2024-10-26 16:56:20.848[0;39m [32mDEBUG[0;39m [35m1758[0;39m [2m---[0;39m [2m[  restartedMain][0;39m [36mkr.co.ureca.SigwApplication             [0;39m [2m:[0;39m Running with Spring Boot v3.2.9-SNAPSHOT, Spring v6.1.12
[2m2024-10-26 16:56:20.848[0;39m [32m INFO[0;39m [35m1758[0;39m [2m---[0;39m [2m[  restartedMain][0;39m [36mkr.co.ureca.SigwApplication             [0;39m [2m:[0;39m No active profile set, falling back to 1 default profile: "default"
[2m2024-10-26 16:56:20.924[0;39m [32mDEBUG[0;39m [35m1758[0;39m [2m---[0;39m [2m[  restartedMain][0;39m [36mo.m.s.b.a.MybatisAutoConfiguration      [0;39m [2m:[0;39m Searching for mappers annotated with @Mapper
[2m2024-10-26 16:56:20.925[0;39m [32mDEBUG[0;39m [35m1758[0;39m [2m---[0;39m [2m[  restartedMain][0;39m [36mo.m.s.b.a.MybatisAutoConfiguration      [0;39m [2m:[0;39m Using auto-configuration base package 'kr.co.ureca'
[2m2024-10-26 16:56:20.949[0;39m [33m WARN[0;39m [35m1758[0;39m [2m---[0;39m [2m[  restartedMain][0;39m [36mo.m.s.mapper.ClassPathMapperScanner     [0;39m [2m:[0;39m No MyBatis mapper was found in '[kr.co.ureca]' package. Please check your configuration.
[2m2024-10-26 16:56:20.960[0;39m [33m WARN[0;39m [35m1758[0;39m [2m---[0;39m [2m[  restartedMain][0;39m [36mtrationDelegate$BeanPostProcessorChecker[0;39m [2m:[0;39m Bean 'org.springframework.ws.config.annotation.DelegatingWsConfiguration' of type [org.springframework.ws.config.annotation.DelegatingWsConfiguration$$SpringCGLIB$$0] is not eligible for getting processed by all BeanPostProcessors (for example: not eligible for auto-proxying). The currently created BeanPostProcessor [annotationActionEndpointMapping] is declared through a non-static factory method on that class; consider declaring it as static instead.
[2m2024-10-26 16:56:20.961[0;39m [32m INFO[0;39m [35m1758[0;39m [2m---[0;39m [2m[  restartedMain][0;39m [36m.w.s.a.s.AnnotationActionEndpointMapping[0;39m [2m:[0;39m Supporting [WS-Addressing August 2004, WS-Addressing 1.0]
[2m2024-10-26 16:56:21.027[0;39m [32m INFO[0;39m [35m1758[0;39m [2m---[0;39m [2m[  restartedMain][0;39m [36mo.s.b.w.embedded.tomcat.TomcatWebServer [0;39m [2m:[0;39m Tomcat initialized with port 8080 (http)
[2m2024-10-26 16:56:21.028[0;39m [32m INFO[0;39m [35m1758[0;39m [2m---[0;39m [2m[  restartedMain][0;39m [36mo.a.coyote.http11.Http11NioProtocol     [0;39m [2m:[0;39m Initializing ProtocolHandler ["http-nio-8080"]
[2m2024-10-26 16:56:21.028[0;39m [32m INFO[0;39m [35m1758[0;39m [2m---[0;39m [2m[  restartedMain][0;39m [36mo.apache.catalina.core.StandardService  [0;39m [2m:[0;39m Starting service [Tomcat]
[2m2024-10-26 16:56:21.028[0;39m [32m INFO[0;39m [35m1758[0;39m [2m---[0;39m [2m[  restartedMain][0;39m [36mo.apache.catalina.core.StandardEngine   [0;39m [2m:[0;39m Starting Servlet engine: [Apache Tomcat/10.1.28]
[2m2024-10-26 16:56:21.069[0;39m [32m INFO[0;39m [35m1758[0;39m [2m---[0;39m [2m[  restartedMain][0;39m [36morg.apache.jasper.servlet.TldScanner    [0;39m [2m:[0;39m At least one JAR was scanned for TLDs yet contained no TLDs. Enable debug logging for this logger for a complete list of JARs that were scanned but no TLDs were found in them. Skipping unneeded JARs during scanning can improve startup time and JSP compilation time.
[2m2024-10-26 16:56:21.071[0;39m [32m INFO[0;39m [35m1758[0;39m [2m---[0;39m [2m[  restartedMain][0;39m [36mo.a.c.c.C.[Tomcat].[localhost].[/]      [0;39m [2m:[0;39m Initializing Spring embedded WebApplicationContext
[2m2024-10-26 16:56:21.071[0;39m [32m INFO[0;39m [35m1758[0;39m [2m---[0;39m [2m[  restartedMain][0;39m [36mw.s.c.ServletWebServerApplicationContext[0;39m [2m:[0;39m Root WebApplicationContext: initialization completed in 222 ms
[2m2024-10-26 16:56:21.108[0;39m [32mDEBUG[0;39m [35m1758[0;39m [2m---[0;39m [2m[  restartedMain][0;39m [36mcom.zaxxer.hikari.HikariConfig          [0;39m [2m:[0;39m Driver class com.mysql.cj.jdbc.Driver found in Thread context class loader org.springframework.boot.devtools.restart.classloader.RestartClassLoader@1c73fc88
[2m2024-10-26 16:56:21.159[0;39m [32mDEBUG[0;39m [35m1758[0;39m [2m---[0;39m [2m[  restartedMain][0;39m [36mo.mybatis.spring.SqlSessionFactoryBean  [0;39m [2m:[0;39m Parsed configuration file: 'class path resource [config/mybatis-config.xml]'
[2m2024-10-26 16:56:21.159[0;39m [32mDEBUG[0;39m [35m1758[0;39m [2m---[0;39m [2m[  restartedMain][0;39m [36mo.mybatis.spring.SqlSessionFactoryBean  [0;39m [2m:[0;39m Property 'mapperLocations' was not specified.
[2m2024-10-26 16:56:21.265[0;39m [32mDEBUG[0;39m [35m1758[0;39m [2m---[0;39m [2m[  restartedMain][0;39m [36m_.s.web.servlet.HandlerMapping.Mappings [0;39m [2m:[0;39m 
	k.c.u.c.HomeController:
	{GET [/]}: home(Model,Principal)
[2m2024-10-26 16:56:21.266[0;39m [32mDEBUG[0;39m [35m1758[0;39m [2m---[0;39m [2m[  restartedMain][0;39m [36m_.s.web.servlet.HandlerMapping.Mappings [0;39m [2m:[0;39m 
	k.c.u.c.c.CommonCodeController:
	{GET [/commoncode/form]}: form(SearchDTO,Model)
	{POST [/commoncode/insert]}: insertCode(CommonCodeDTO)
	{POST [/commoncode/delete]}: deleteCode(CommonCodeDTO)
[2m2024-10-26 16:56:21.266[0;39m [32mDEBUG[0;39m [35m1758[0;39m [2m---[0;39m [2m[  restartedMain][0;39m [36m_.s.web.servlet.HandlerMapping.Mappings [0;39m [2m:[0;39m 
	k.c.u.c.c.CommonComboController:
	{GET [/common/combo/role_all]}: roleAll()
[2m2024-10-26 16:56:21.266[0;39m [32mDEBUG[0;39m [35m1758[0;39m [2m---[0;39m [2m[  restartedMain][0;39m [36m_.s.web.servlet.HandlerMapping.Mappings [0;39m [2m:[0;39m 
	k.c.u.c.l.LoginController:
	{GET [/login_logout]}: out(HttpSession)
	{GET [/login_form]}: form()
	{POST [/login_login]}: login(HttpSession,LoginDTO,Model)
	{POST [/login_rest_login]}: restLogin(HttpSession,LoginDTO,Model)
[2m2024-10-26 16:56:21.267[0;39m [32mDEBUG[0;39m [35m1758[0;39m [2m---[0;39m [2m[  restartedMain][0;39m [36m_.s.web.servlet.HandlerMapping.Mappings [0;39m [2m:[0;39m 
	k.c.u.c.l.SecuLoginController:
	{GET [/security/form]}: form()
[2m2024-10-26 16:56:21.268[0;39m [32mDEBUG[0;39m [35m1758[0;39m [2m---[0;39m [2m[  restartedMain][0;39m [36m_.s.web.servlet.HandlerMapping.Mappings [0;39m [2m:[0;39m 
	k.c.u.c.m.MemberController:
	{GET [/member/form]}: form(SearchDTO,Model)
	{POST [/member/emp_check]}: employeeCheck(UserDTO)
	{POST [/member/insert]}: insertUser(UserDTO)
	{POST [/member/delete]}: deleteUser(UserDTO)
[2m2024-10-26 16:56:21.268[0;39m [32mDEBUG[0;39m [35m1758[0;39m [2m---[0;39m [2m[  restartedMain][0;39m [36m_.s.web.servlet.HandlerMapping.Mappings [0;39m [2m:[0;39m 
	k.c.u.c.m.RoleController:
	{GET [/role/form]}: form(Model)
	{POST [/role/insert]}: insertRole(RoleDTO)
	{POST [/role/delete]}: deleteRole(RoleDTO)
[2m2024-10-26 16:56:21.269[0;39m [32mDEBUG[0;39m [35m1758[0;39m [2m---[0;39m [2m[  restartedMain][0;39m [36m_.s.web.servlet.HandlerMapping.Mappings [0;39m [2m:[0;39m 
	k.c.u.c.v.VocationController:
	{POST [/vocation/insert]}: insert(ApproveDocument)
	{GET [/vocation/form]}: form(HttpSession,Model,Principal)
	{POST [/vocation/apprv/update]}: apprvUpdate(ApproveProcessDTO)
	{GET [/vocation/apprv/list]}: apprvList(Model,Principal)
[2m2024-10-26 16:56:21.270[0;39m [32mDEBUG[0;39m [35m1758[0;39m [2m---[0;39m [2m[  restartedMain][0;39m [36m_.s.web.servlet.HandlerMapping.Mappings [0;39m [2m:[0;39m 
	o.s.b.a.w.s.e.BasicErrorController:
	{ [/error]}: error(HttpServletRequest)
	{ [/error], produces [text/html]}: errorHtml(HttpServletRequest,HttpServletResponse)
[2m2024-10-26 16:56:21.293[0;39m [32mDEBUG[0;39m [35m1758[0;39m [2m---[0;39m [2m[  restartedMain][0;39m [36m_.s.web.servlet.HandlerMapping.Mappings [0;39m [2m:[0;39m 'beanNameHandlerMapping' {}
[2m2024-10-26 16:56:21.363[0;39m [32mDEBUG[0;39m [35m1758[0;39m [2m---[0;39m [2m[  restartedMain][0;39m [36m_.s.web.servlet.HandlerMapping.Mappings [0;39m [2m:[0;39m 'resourceHandlerMapping' {/webjars/**=ResourceHttpRequestHandler [classpath [META-INF/resources/webjars/]], /**=ResourceHttpRequestHandler [classpath [META-INF/resources/], classpath [resources/], classpath [static/], classpath [public/], ServletContext [/]]}
[2m2024-10-26 16:56:21.406[0;39m [32m INFO[0;39m [35m1758[0;39m [2m---[0;39m [2m[  restartedMain][0;39m [36mo.s.s.web.DefaultSecurityFilterChain    [0;39m [2m:[0;39m Will secure any request with [org.springframework.security.web.session.DisableEncodeUrlFilter@8e00947, org.springframework.security.web.context.request.async.WebAsyncManagerIntegrationFilter@20a482f2, org.springframework.security.web.context.SecurityContextHolderFilter@3176bc84, org.springframework.security.web.header.HeaderWriterFilter@3ae5ed9, org.springframework.security.web.authentication.logout.LogoutFilter@2589559c, org.springframework.security.web.authentication.UsernamePasswordAuthenticationFilter@672a958b, org.springframework.security.web.savedrequest.RequestCacheAwareFilter@5d041dd7, org.springframework.security.web.servletapi.SecurityContextHolderAwareRequestFilter@50b68bfe, org.springframework.security.web.authentication.AnonymousAuthenticationFilter@29f470, org.springframework.security.web.access.ExceptionTranslationFilter@5e6a7aab, org.springframework.security.web.access.intercept.AuthorizationFilter@3c1387d9]
[2m2024-10-26 16:56:21.476[0;39m [32mDEBUG[0;39m [35m1758[0;39m [2m---[0;39m [2m[  restartedMain][0;39m [36mo.m.s.b.a.MybatisAutoConfiguration      [0;39m [2m:[0;39m Not found configuration for registering mapper bean using @MapperScan, MapperFactoryBean and MapperScannerConfigurer.
[2m2024-10-26 16:56:21.558[0;39m [32m INFO[0;39m [35m1758[0;39m [2m---[0;39m [2m[  restartedMain][0;39m [36mo.s.b.d.a.OptionalLiveReloadServer      [0;39m [2m:[0;39m LiveReload server is running on port 35729
[2m2024-10-26 16:56:21.566[0;39m [32m INFO[0;39m [35m1758[0;39m [2m---[0;39m [2m[  restartedMain][0;39m [36mo.a.coyote.http11.Http11NioProtocol     [0;39m [2m:[0;39m Starting ProtocolHandler ["http-nio-8080"]
[2m2024-10-26 16:56:21.567[0;39m [32m INFO[0;39m [35m1758[0;39m [2m---[0;39m [2m[  restartedMain][0;39m [36mo.s.b.w.embedded.tomcat.TomcatWebServer [0;39m [2m:[0;39m Tomcat started on port 8080 (http) with context path ''
[2m2024-10-26 16:56:21.570[0;39m [32m INFO[0;39m [35m1758[0;39m [2m---[0;39m [2m[  restartedMain][0;39m [36mkr.co.ureca.SigwApplication             [0;39m [2m:[0;39m Started SigwApplication in 0.736 seconds (process running for 13.32)
[2m2024-10-26 16:56:21.571[0;39m [32m INFO[0;39m [35m1758[0;39m [2m---[0;39m [2m[  restartedMain][0;39m [36m.ConditionEvaluationDeltaLoggingListener[0;39m [2m:[0;39m Condition evaluation unchanged
[2m2024-10-26 16:56:22.298[0;39m [32m INFO[0;39m [35m1758[0;39m [2m---[0;39m [2m[nio-8080-exec-1][0;39m [36mo.a.c.c.C.[Tomcat].[localhost].[/]      [0;39m [2m:[0;39m Initializing Spring DispatcherServlet 'dispatcherServlet'
[2m2024-10-26 16:56:22.298[0;39m [32m INFO[0;39m [35m1758[0;39m [2m---[0;39m [2m[nio-8080-exec-1][0;39m [36mo.s.web.servlet.DispatcherServlet       [0;39m [2m:[0;39m Initializing Servlet 'dispatcherServlet'
[2m2024-10-26 16:56:22.300[0;39m [32m INFO[0;39m [35m1758[0;39m [2m---[0;39m [2m[nio-8080-exec-1][0;39m [36mo.s.web.servlet.DispatcherServlet       [0;39m [2m:[0;39m Completed initialization in 2 ms
[2m2024-10-26 16:56:35.397[0;39m [32mDEBUG[0;39m [35m1758[0;39m [2m---[0;39m [2m[nio-8080-exec-6][0;39m [36morg.mybatis.spring.SqlSessionUtils      [0;39m [2m:[0;39m Creating a new SqlSession
[2m2024-10-26 16:56:35.400[0;39m [32mDEBUG[0;39m [35m1758[0;39m [2m---[0;39m [2m[nio-8080-exec-6][0;39m [36morg.mybatis.spring.SqlSessionUtils      [0;39m [2m:[0;39m SqlSession [org.apache.ibatis.session.defaults.DefaultSqlSession@113ca2ab] was not registered for synchronization because synchronization is not active
[2m2024-10-26 16:56:35.405[0;39m [32mDEBUG[0;39m [35m1758[0;39m [2m---[0;39m [2m[nio-8080-exec-6][0;39m [36mcom.zaxxer.hikari.HikariConfig          [0;39m [2m:[0;39m HikariPool-1 - configuration:
[2m2024-10-26 16:56:35.406[0;39m [32mDEBUG[0;39m [35m1758[0;39m [2m---[0;39m [2m[nio-8080-exec-6][0;39m [36mcom.zaxxer.hikari.HikariConfig          [0;39m [2m:[0;39m allowPoolSuspension.............false
[2m2024-10-26 16:56:35.406[0;39m [32mDEBUG[0;39m [35m1758[0;39m [2m---[0;39m [2m[nio-8080-exec-6][0;39m [36mcom.zaxxer.hikari.HikariConfig          [0;39m [2m:[0;39m autoCommit......................true
[2m2024-10-26 16:56:35.406[0;39m [32mDEBUG[0;39m [35m1758[0;39m [2m---[0;39m [2m[nio-8080-exec-6][0;39m [36mcom.zaxxer.hikari.HikariConfig          [0;39m [2m:[0;39m catalog.........................none
[2m2024-10-26 16:56:35.406[0;39m [32mDEBUG[0;39m [35m1758[0;39m [2m---[0;39m [2m[nio-8080-exec-6][0;39m [36mcom.zaxxer.hikari.HikariConfig          [0;39m [2m:[0;39m connectionInitSql...............none
[2m2024-10-26 16:56:35.406[0;39m [32mDEBUG[0;39m [35m1758[0;39m [2m---[0;39m [2m[nio-8080-exec-6][0;39m [36mcom.zaxxer.hikari.HikariConfig          [0;39m [2m:[0;39m connectionTestQuery.............none
[2m2024-10-26 16:56:35.406[0;39m [32mDEBUG[0;39m [35m1758[0;39m [2m---[0;39m [2m[nio-8080-exec-6][0;39m [36mcom.zaxxer.hikari.HikariConfig          [0;39m [2m:[0;39m connectionTimeout...............30000
[2m2024-10-26 16:56:35.406[0;39m [32mDEBUG[0;39m [35m1758[0;39m [2m---[0;39m [2m[nio-8080-exec-6][0;39m [36mcom.zaxxer.hikari.HikariConfig          [0;39m [2m:[0;39m dataSource......................none
[2m2024-10-26 16:56:35.407[0;39m [32mDEBUG[0;39m [35m1758[0;39m [2m---[0;39m [2m[nio-8080-exec-6][0;39m [36mcom.zaxxer.hikari.HikariConfig          [0;39m [2m:[0;39m dataSourceClassName.............none
[2m2024-10-26 16:56:35.407[0;39m [32mDEBUG[0;39m [35m1758[0;39m [2m---[0;39m [2m[nio-8080-exec-6][0;39m [36mcom.zaxxer.hikari.HikariConfig          [0;39m [2m:[0;39m dataSourceJNDI..................none
[2m2024-10-26 16:56:35.407[0;39m [32mDEBUG[0;39m [35m1758[0;39m [2m---[0;39m [2m[nio-8080-exec-6][0;39m [36mcom.zaxxer.hikari.HikariConfig          [0;39m [2m:[0;39m dataSourceProperties............{password=<masked>}
[2m2024-10-26 16:56:35.407[0;39m [32mDEBUG[0;39m [35m1758[0;39m [2m---[0;39m [2m[nio-8080-exec-6][0;39m [36mcom.zaxxer.hikari.HikariConfig          [0;39m [2m:[0;39m driverClassName................."com.mysql.cj.jdbc.Driver"
[2m2024-10-26 16:56:35.407[0;39m [32mDEBUG[0;39m [35m1758[0;39m [2m---[0;39m [2m[nio-8080-exec-6][0;39m [36mcom.zaxxer.hikari.HikariConfig          [0;39m [2m:[0;39m exceptionOverrideClassName......none
[2m2024-10-26 16:56:35.407[0;39m [32mDEBUG[0;39m [35m1758[0;39m [2m---[0;39m [2m[nio-8080-exec-6][0;39m [36mcom.zaxxer.hikari.HikariConfig          [0;39m [2m:[0;39m healthCheckProperties...........{}
[2m2024-10-26 16:56:35.407[0;39m [32mDEBUG[0;39m [35m1758[0;39m [2m---[0;39m [2m[nio-8080-exec-6][0;39m [36mcom.zaxxer.hikari.HikariConfig          [0;39m [2m:[0;39m healthCheckRegistry.............none
[2m2024-10-26 16:56:35.407[0;39m [32mDEBUG[0;39m [35m1758[0;39m [2m---[0;39m [2m[nio-8080-exec-6][0;39m [36mcom.zaxxer.hikari.HikariConfig          [0;39m [2m:[0;39m idleTimeout.....................600000
[2m2024-10-26 16:56:35.407[0;39m [32mDEBUG[0;39m [35m1758[0;39m [2m---[0;39m [2m[nio-8080-exec-6][0;39m [36mcom.zaxxer.hikari.HikariConfig          [0;39m [2m:[0;39m initializationFailTimeout.......1
[2m2024-10-26 16:56:35.407[0;39m [32mDEBUG[0;39m [35m1758[0;39m [2m---[0;39m [2m[nio-8080-exec-6][0;39m [36mcom.zaxxer.hikari.HikariConfig          [0;39m [2m:[0;39m isolateInternalQueries..........false
[2m2024-10-26 16:56:35.407[0;39m [32mDEBUG[0;39m [35m1758[0;39m [2m---[0;39m [2m[nio-8080-exec-6][0;39m [36mcom.zaxxer.hikari.HikariConfig          [0;39m [2m:[0;39m jdbcUrl.........................jdbc:mysql://localhost:3306/SIGW
[2m2024-10-26 16:56:35.407[0;39m [32mDEBUG[0;39m [35m1758[0;39m [2m---[0;39m [2m[nio-8080-exec-6][0;39m [36mcom.zaxxer.hikari.HikariConfig          [0;39m [2m:[0;39m keepaliveTime...................0
[2m2024-10-26 16:56:35.407[0;39m [32mDEBUG[0;39m [35m1758[0;39m [2m---[0;39m [2m[nio-8080-exec-6][0;39m [36mcom.zaxxer.hikari.HikariConfig          [0;39m [2m:[0;39m leakDetectionThreshold..........0
[2m2024-10-26 16:56:35.407[0;39m [32mDEBUG[0;39m [35m1758[0;39m [2m---[0;39m [2m[nio-8080-exec-6][0;39m [36mcom.zaxxer.hikari.HikariConfig          [0;39m [2m:[0;39m maxLifetime.....................1800000
[2m2024-10-26 16:56:35.407[0;39m [32mDEBUG[0;39m [35m1758[0;39m [2m---[0;39m [2m[nio-8080-exec-6][0;39m [36mcom.zaxxer.hikari.HikariConfig          [0;39m [2m:[0;39m maximumPoolSize.................10
[2m2024-10-26 16:56:35.407[0;39m [32mDEBUG[0;39m [35m1758[0;39m [2m---[0;39m [2m[nio-8080-exec-6][0;39m [36mcom.zaxxer.hikari.HikariConfig          [0;39m [2m:[0;39m metricRegistry..................none
[2m2024-10-26 16:56:35.407[0;39m [32mDEBUG[0;39m [35m1758[0;39m [2m---[0;39m [2m[nio-8080-exec-6][0;39m [36mcom.zaxxer.hikari.HikariConfig          [0;39m [2m:[0;39m metricsTrackerFactory...........none
[2m2024-10-26 16:56:35.407[0;39m [32mDEBUG[0;39m [35m1758[0;39m [2m---[0;39m [2m[nio-8080-exec-6][0;39m [36mcom.zaxxer.hikari.HikariConfig          [0;39m [2m:[0;39m minimumIdle.....................10
[2m2024-10-26 16:56:35.407[0;39m [32mDEBUG[0;39m [35m1758[0;39m [2m---[0;39m [2m[nio-8080-exec-6][0;39m [36mcom.zaxxer.hikari.HikariConfig          [0;39m [2m:[0;39m password........................<masked>
[2m2024-10-26 16:56:35.407[0;39m [32mDEBUG[0;39m [35m1758[0;39m [2m---[0;39m [2m[nio-8080-exec-6][0;39m [36mcom.zaxxer.hikari.HikariConfig          [0;39m [2m:[0;39m poolName........................"HikariPool-1"
[2m2024-10-26 16:56:35.407[0;39m [32mDEBUG[0;39m [35m1758[0;39m [2m---[0;39m [2m[nio-8080-exec-6][0;39m [36mcom.zaxxer.hikari.HikariConfig          [0;39m [2m:[0;39m readOnly........................false
[2m2024-10-26 16:56:35.407[0;39m [32mDEBUG[0;39m [35m1758[0;39m [2m---[0;39m [2m[nio-8080-exec-6][0;39m [36mcom.zaxxer.hikari.HikariConfig          [0;39m [2m:[0;39m registerMbeans..................false
[2m2024-10-26 16:56:35.407[0;39m [32mDEBUG[0;39m [35m1758[0;39m [2m---[0;39m [2m[nio-8080-exec-6][0;39m [36mcom.zaxxer.hikari.HikariConfig          [0;39m [2m:[0;39m scheduledExecutor...............none
[2m2024-10-26 16:56:35.407[0;39m [32mDEBUG[0;39m [35m1758[0;39m [2m---[0;39m [2m[nio-8080-exec-6][0;39m [36mcom.zaxxer.hikari.HikariConfig          [0;39m [2m:[0;39m schema..........................none
[2m2024-10-26 16:56:35.407[0;39m [32mDEBUG[0;39m [35m1758[0;39m [2m---[0;39m [2m[nio-8080-exec-6][0;39m [36mcom.zaxxer.hikari.HikariConfig          [0;39m [2m:[0;39m threadFactory...................internal
[2m2024-10-26 16:56:35.408[0;39m [32mDEBUG[0;39m [35m1758[0;39m [2m---[0;39m [2m[nio-8080-exec-6][0;39m [36mcom.zaxxer.hikari.HikariConfig          [0;39m [2m:[0;39m transactionIsolation............default
[2m2024-10-26 16:56:35.408[0;39m [32mDEBUG[0;39m [35m1758[0;39m [2m---[0;39m [2m[nio-8080-exec-6][0;39m [36mcom.zaxxer.hikari.HikariConfig          [0;39m [2m:[0;39m username........................"ureca"
[2m2024-10-26 16:56:35.408[0;39m [32mDEBUG[0;39m [35m1758[0;39m [2m---[0;39m [2m[nio-8080-exec-6][0;39m [36mcom.zaxxer.hikari.HikariConfig          [0;39m [2m:[0;39m validationTimeout...............5000
[2m2024-10-26 16:56:35.408[0;39m [32m INFO[0;39m [35m1758[0;39m [2m---[0;39m [2m[nio-8080-exec-6][0;39m [36mcom.zaxxer.hikari.HikariDataSource      [0;39m [2m:[0;39m HikariPool-1 - Starting...
[2m2024-10-26 16:56:35.551[0;39m [32m INFO[0;39m [35m1758[0;39m [2m---[0;39m [2m[nio-8080-exec-6][0;39m [36mcom.zaxxer.hikari.pool.HikariPool       [0;39m [2m:[0;39m HikariPool-1 - Added connection com.mysql.cj.jdbc.ConnectionImpl@7a9c7a60
[2m2024-10-26 16:56:35.552[0;39m [32m INFO[0;39m [35m1758[0;39m [2m---[0;39m [2m[nio-8080-exec-6][0;39m [36mcom.zaxxer.hikari.HikariDataSource      [0;39m [2m:[0;39m HikariPool-1 - Start completed.
[2m2024-10-26 16:56:35.554[0;39m [32mDEBUG[0;39m [35m1758[0;39m [2m---[0;39m [2m[nio-8080-exec-6][0;39m [36mo.m.s.t.SpringManagedTransaction        [0;39m [2m:[0;39m JDBC Connection [HikariProxyConnection@1070686624 wrapping com.mysql.cj.jdbc.ConnectionImpl@7a9c7a60] will not be managed by Spring
[2m2024-10-26 16:56:35.557[0;39m [32mDEBUG[0;39m [35m1758[0;39m [2m---[0;39m [2m[nio-8080-exec-6][0;39m [36mSecuLoginMapper.sequrityLoginCheck      [0;39m [2m:[0;39m ==>  Preparing: select id, username, password from user where username = ?
[2m2024-10-26 16:56:35.571[0;39m [32mDEBUG[0;39m [35m1758[0;39m [2m---[0;39m [2m[nio-8080-exec-6][0;39m [36mSecuLoginMapper.sequrityLoginCheck      [0;39m [2m:[0;39m ==> Parameters: 2024070901(String)
[2m2024-10-26 16:56:35.588[0;39m [32mDEBUG[0;39m [35m1758[0;39m [2m---[0;39m [2m[nio-8080-exec-6][0;39m [36mSecuLoginMapper.sequrityLoginCheck      [0;39m [2m:[0;39m <==      Total: 1
[2m2024-10-26 16:56:35.590[0;39m [32mDEBUG[0;39m [35m1758[0;39m [2m---[0;39m [2m[nio-8080-exec-6][0;39m [36morg.mybatis.spring.SqlSessionUtils      [0;39m [2m:[0;39m Closing non transactional SqlSession [org.apache.ibatis.session.defaults.DefaultSqlSession@113ca2ab]
[2m2024-10-26 16:56:35.590[0;39m [32mDEBUG[0;39m [35m1758[0;39m [2m---[0;39m [2m[nio-8080-exec-6][0;39m [36morg.mybatis.spring.SqlSessionUtils      [0;39m [2m:[0;39m Creating a new SqlSession
[2m2024-10-26 16:56:35.590[0;39m [32mDEBUG[0;39m [35m1758[0;39m [2m---[0;39m [2m[nio-8080-exec-6][0;39m [36morg.mybatis.spring.SqlSessionUtils      [0;39m [2m:[0;39m SqlSession [org.apache.ibatis.session.defaults.DefaultSqlSession@485f9ae3] was not registered for synchronization because synchronization is not active
[2m2024-10-26 16:56:35.591[0;39m [32mDEBUG[0;39m [35m1758[0;39m [2m---[0;39m [2m[nio-8080-exec-6][0;39m [36mo.m.s.t.SpringManagedTransaction        [0;39m [2m:[0;39m JDBC Connection [HikariProxyConnection@1424570252 wrapping com.mysql.cj.jdbc.ConnectionImpl@7a9c7a60] will not be managed by Spring
[2m2024-10-26 16:56:35.591[0;39m [32mDEBUG[0;39m [35m1758[0;39m [2m---[0;39m [2m[nio-8080-exec-6][0;39m [36mSecuLoginMapper.sequrityLoginRole       [0;39m [2m:[0;39m ==>  Preparing: SELECT r.roleid, r.rolename, r.roledesc FROM user u, userrole ur, role r WHERE u.username = ? AND u.id = ur.userid AND ur.roleid = r.roleid
[2m2024-10-26 16:56:35.591[0;39m [32mDEBUG[0;39m [35m1758[0;39m [2m---[0;39m [2m[nio-8080-exec-6][0;39m [36mSecuLoginMapper.sequrityLoginRole       [0;39m [2m:[0;39m ==> Parameters: 2024070901(String)
[2m2024-10-26 16:56:35.597[0;39m [32mDEBUG[0;39m [35m1758[0;39m [2m---[0;39m [2m[nio-8080-exec-6][0;39m [36mSecuLoginMapper.sequrityLoginRole       [0;39m [2m:[0;39m <==      Total: 1
[2m2024-10-26 16:56:35.597[0;39m [32mDEBUG[0;39m [35m1758[0;39m [2m---[0;39m [2m[nio-8080-exec-6][0;39m [36morg.mybatis.spring.SqlSessionUtils      [0;39m [2m:[0;39m Closing non transactional SqlSession [org.apache.ibatis.session.defaults.DefaultSqlSession@485f9ae3]
[2m2024-10-26 16:56:35.658[0;39m [32mDEBUG[0;39m [35m1758[0;39m [2m---[0;39m [2m[l-1 housekeeper][0;39m [36mcom.zaxxer.hikari.pool.HikariPool       [0;39m [2m:[0;39m HikariPool-1 - Pool stats (total=1, active=0, idle=1, waiting=0)
[2m2024-10-26 16:56:35.672[0;39m [32mDEBUG[0;39m [35m1758[0;39m [2m---[0;39m [2m[onnection adder][0;39m [36mcom.zaxxer.hikari.pool.HikariPool       [0;39m [2m:[0;39m HikariPool-1 - Added connection com.mysql.cj.jdbc.ConnectionImpl@4a41f153
[2m2024-10-26 16:56:35.695[0;39m [32mDEBUG[0;39m [35m1758[0;39m [2m---[0;39m [2m[onnection adder][0;39m [36mcom.zaxxer.hikari.pool.HikariPool       [0;39m [2m:[0;39m HikariPool-1 - Added connection com.mysql.cj.jdbc.ConnectionImpl@7b419deb
[2m2024-10-26 16:56:35.718[0;39m [32mDEBUG[0;39m [35m1758[0;39m [2m---[0;39m [2m[onnection adder][0;39m [36mcom.zaxxer.hikari.pool.HikariPool       [0;39m [2m:[0;39m HikariPool-1 - Added connection com.mysql.cj.jdbc.ConnectionImpl@2a6e0e1c
[2m2024-10-26 16:56:35.742[0;39m [32mDEBUG[0;39m [35m1758[0;39m [2m---[0;39m [2m[onnection adder][0;39m [36mcom.zaxxer.hikari.pool.HikariPool       [0;39m [2m:[0;39m HikariPool-1 - Added connection com.mysql.cj.jdbc.ConnectionImpl@1e6032ca
[2m2024-10-26 16:56:35.768[0;39m [32mDEBUG[0;39m [35m1758[0;39m [2m---[0;39m [2m[onnection adder][0;39m [36mcom.zaxxer.hikari.pool.HikariPool       [0;39m [2m:[0;39m HikariPool-1 - Added connection com.mysql.cj.jdbc.ConnectionImpl@12f50383
[2m2024-10-26 16:56:35.799[0;39m [32mDEBUG[0;39m [35m1758[0;39m [2m---[0;39m [2m[onnection adder][0;39m [36mcom.zaxxer.hikari.pool.HikariPool       [0;39m [2m:[0;39m HikariPool-1 - Added connection com.mysql.cj.jdbc.ConnectionImpl@6fbf30cb
[2m2024-10-26 16:56:35.823[0;39m [32mDEBUG[0;39m [35m1758[0;39m [2m---[0;39m [2m[onnection adder][0;39m [36mcom.zaxxer.hikari.pool.HikariPool       [0;39m [2m:[0;39m HikariPool-1 - Added connection com.mysql.cj.jdbc.ConnectionImpl@3cada125
[2m2024-10-26 16:56:35.847[0;39m [32mDEBUG[0;39m [35m1758[0;39m [2m---[0;39m [2m[onnection adder][0;39m [36mcom.zaxxer.hikari.pool.HikariPool       [0;39m [2m:[0;39m HikariPool-1 - Added connection com.mysql.cj.jdbc.ConnectionImpl@63cf8b6f
[2m2024-10-26 16:56:35.870[0;39m [32mDEBUG[0;39m [35m1758[0;39m [2m---[0;39m [2m[onnection adder][0;39m [36mcom.zaxxer.hikari.pool.HikariPool       [0;39m [2m:[0;39m HikariPool-1 - Added connection com.mysql.cj.jdbc.ConnectionImpl@462b9e70
[2m2024-10-26 16:56:35.883[0;39m [32mDEBUG[0;39m [35m1758[0;39m [2m---[0;39m [2m[onnection adder][0;39m [36mcom.zaxxer.hikari.pool.HikariPool       [0;39m [2m:[0;39m HikariPool-1 - After adding stats (total=10, active=0, idle=10, waiting=0)
[2m2024-10-26 16:56:38.288[0;39m [32mDEBUG[0;39m [35m1758[0;39m [2m---[0;39m [2m[nio-8080-exec-9][0;39m [36morg.mybatis.spring.SqlSessionUtils      [0;39m [2m:[0;39m Creating a new SqlSession
[2m2024-10-26 16:56:38.288[0;39m [32mDEBUG[0;39m [35m1758[0;39m [2m---[0;39m [2m[nio-8080-exec-9][0;39m [36morg.mybatis.spring.SqlSessionUtils      [0;39m [2m:[0;39m SqlSession [org.apache.ibatis.session.defaults.DefaultSqlSession@28a2dc7] was not registered for synchronization because synchronization is not active
[2m2024-10-26 16:56:38.289[0;39m [32mDEBUG[0;39m [35m1758[0;39m [2m---[0;39m [2m[nio-8080-exec-9][0;39m [36mo.m.s.t.SpringManagedTransaction        [0;39m [2m:[0;39m JDBC Connection [HikariProxyConnection@206423014 wrapping com.mysql.cj.jdbc.ConnectionImpl@7a9c7a60] will not be managed by Spring
[2m2024-10-26 16:56:38.290[0;39m [32mDEBUG[0;39m [35m1758[0;39m [2m---[0;39m [2m[nio-8080-exec-9][0;39m [36mEmpMapper.getEmpByUsername              [0;39m [2m:[0;39m ==>  Preparing: SELECT employee.empid, employee.empname, employee.rgstno, employee.telcom, employee.telhom, employee.telcel, employee.emailcom, employee.emailpsn, employee.emailpay, employee.deptid, department.deptname, employee.hrjp, employee.retireyn, employee.datehire, employee.dateretire, employee.created, employee.createdat, employee.updated, employee.updatedat from employee, department where employee.empid = ? and employee.deptid = department.deptid
[2m2024-10-26 16:56:38.291[0;39m [32mDEBUG[0;39m [35m1758[0;39m [2m---[0;39m [2m[nio-8080-exec-9][0;39m [36mEmpMapper.getEmpByUsername              [0;39m [2m:[0;39m ==> Parameters: 2024070901(String)
[2m2024-10-26 16:56:38.306[0;39m [32mDEBUG[0;39m [35m1758[0;39m [2m---[0;39m [2m[nio-8080-exec-9][0;39m [36mEmpMapper.getEmpByUsername              [0;39m [2m:[0;39m <==      Total: 1
[2m2024-10-26 16:56:38.306[0;39m [32mDEBUG[0;39m [35m1758[0;39m [2m---[0;39m [2m[nio-8080-exec-9][0;39m [36morg.mybatis.spring.SqlSessionUtils      [0;39m [2m:[0;39m Closing non transactional SqlSession [org.apache.ibatis.session.defaults.DefaultSqlSession@28a2dc7]
[2m2024-10-26 16:56:38.307[0;39m [32mDEBUG[0;39m [35m1758[0;39m [2m---[0;39m [2m[nio-8080-exec-9][0;39m [36morg.mybatis.spring.SqlSessionUtils      [0;39m [2m:[0;39m Creating a new SqlSession
[2m2024-10-26 16:56:38.307[0;39m [32mDEBUG[0;39m [35m1758[0;39m [2m---[0;39m [2m[nio-8080-exec-9][0;39m [36morg.mybatis.spring.SqlSessionUtils      [0;39m [2m:[0;39m SqlSession [org.apache.ibatis.session.defaults.DefaultSqlSession@1a6e1f3] was not registered for synchronization because synchronization is not active
[2m2024-10-26 16:56:38.307[0;39m [32mDEBUG[0;39m [35m1758[0;39m [2m---[0;39m [2m[nio-8080-exec-9][0;39m [36mo.m.s.t.SpringManagedTransaction        [0;39m [2m:[0;39m JDBC Connection [HikariProxyConnection@661292212 wrapping com.mysql.cj.jdbc.ConnectionImpl@7a9c7a60] will not be managed by Spring
[2m2024-10-26 16:56:38.307[0;39m [32mDEBUG[0;39m [35m1758[0;39m [2m---[0;39m [2m[nio-8080-exec-9][0;39m [36mDeptMapper.getApprvLine                 [0;39m [2m:[0;39m ==>  Preparing: with recursive result (deptid, deptname, pdeptid, empid) as ( select deptid, deptname, pdeptid, empid from department where deptid = ? union all select rec.deptid, rec.deptname, rec.pdeptid, rec.empid from department rec inner join result on rec.deptid = result.pdeptid ) select result.deptid, result.deptname, result.pdeptid, result.empid , employee.empname, employee.hrjp, common_code.codename as hrjpname from result, employee, common_code where result.empid = employee.empid and employee.hrjp = common_code.code and common_code.codeclass = 'hrjp' order by deptid desc
[2m2024-10-26 16:56:38.308[0;39m [32mDEBUG[0;39m [35m1758[0;39m [2m---[0;39m [2m[nio-8080-exec-9][0;39m [36mDeptMapper.getApprvLine                 [0;39m [2m:[0;39m ==> Parameters: 1110000000(String)
[2m2024-10-26 16:56:38.315[0;39m [32mDEBUG[0;39m [35m1758[0;39m [2m---[0;39m [2m[nio-8080-exec-9][0;39m [36mDeptMapper.getApprvLine                 [0;39m [2m:[0;39m <==      Total: 3
[2m2024-10-26 16:56:38.316[0;39m [32mDEBUG[0;39m [35m1758[0;39m [2m---[0;39m [2m[nio-8080-exec-9][0;39m [36morg.mybatis.spring.SqlSessionUtils      [0;39m [2m:[0;39m Closing non transactional SqlSession [org.apache.ibatis.session.defaults.DefaultSqlSession@1a6e1f3]
[2m2024-10-26 16:56:38.318[0;39m [32mDEBUG[0;39m [35m1758[0;39m [2m---[0;39m [2m[nio-8080-exec-9][0;39m [36morg.mybatis.spring.SqlSessionUtils      [0;39m [2m:[0;39m Creating a new SqlSession
[2m2024-10-26 16:56:38.318[0;39m [32mDEBUG[0;39m [35m1758[0;39m [2m---[0;39m [2m[nio-8080-exec-9][0;39m [36morg.mybatis.spring.SqlSessionUtils      [0;39m [2m:[0;39m SqlSession [org.apache.ibatis.session.defaults.DefaultSqlSession@34263e32] was not registered for synchronization because synchronization is not active
[2m2024-10-26 16:56:38.318[0;39m [32mDEBUG[0;39m [35m1758[0;39m [2m---[0;39m [2m[nio-8080-exec-9][0;39m [36mo.m.s.t.SpringManagedTransaction        [0;39m [2m:[0;39m JDBC Connection [HikariProxyConnection@45742140 wrapping com.mysql.cj.jdbc.ConnectionImpl@7a9c7a60] will not be managed by Spring
[2m2024-10-26 16:56:38.318[0;39m [32mDEBUG[0;39m [35m1758[0;39m [2m---[0;39m [2m[nio-8080-exec-9][0;39m [36mVocationMapper.getDocCategoryList       [0;39m [2m:[0;39m ==>  Preparing: select codeclass,code,codename,codedesc,created,createdat,updated,updatedat from common_code where codeclass = 'hrdc'
[2m2024-10-26 16:56:38.319[0;39m [32mDEBUG[0;39m [35m1758[0;39m [2m---[0;39m [2m[nio-8080-exec-9][0;39m [36mVocationMapper.getDocCategoryList       [0;39m [2m:[0;39m ==> Parameters: 
[2m2024-10-26 16:56:38.322[0;39m [32mDEBUG[0;39m [35m1758[0;39m [2m---[0;39m [2m[nio-8080-exec-9][0;39m [36mVocationMapper.getDocCategoryList       [0;39m [2m:[0;39m <==      Total: 2
[2m2024-10-26 16:56:38.323[0;39m [32mDEBUG[0;39m [35m1758[0;39m [2m---[0;39m [2m[nio-8080-exec-9][0;39m [36morg.mybatis.spring.SqlSessionUtils      [0;39m [2m:[0;39m Closing non transactional SqlSession [org.apache.ibatis.session.defaults.DefaultSqlSession@34263e32]
[2m2024-10-26 16:56:38.323[0;39m [32mDEBUG[0;39m [35m1758[0;39m [2m---[0;39m [2m[nio-8080-exec-9][0;39m [36morg.mybatis.spring.SqlSessionUtils      [0;39m [2m:[0;39m Creating a new SqlSession
[2m2024-10-26 16:56:38.323[0;39m [32mDEBUG[0;39m [35m1758[0;39m [2m---[0;39m [2m[nio-8080-exec-9][0;39m [36morg.mybatis.spring.SqlSessionUtils      [0;39m [2m:[0;39m SqlSession [org.apache.ibatis.session.defaults.DefaultSqlSession@3e8b4c2c] was not registered for synchronization because synchronization is not active
[2m2024-10-26 16:56:38.323[0;39m [32mDEBUG[0;39m [35m1758[0;39m [2m---[0;39m [2m[nio-8080-exec-9][0;39m [36mo.m.s.t.SpringManagedTransaction        [0;39m [2m:[0;39m JDBC Connection [HikariProxyConnection@1674320477 wrapping com.mysql.cj.jdbc.ConnectionImpl@7a9c7a60] will not be managed by Spring
[2m2024-10-26 16:56:38.324[0;39m [32mDEBUG[0;39m [35m1758[0;39m [2m---[0;39m [2m[nio-8080-exec-9][0;39m [36mVocationMapper.getDocTypeList           [0;39m [2m:[0;39m ==>  Preparing: select codeclass,code,codename,codedesc,created,createdat,updated,updatedat from common_code where codeclass = 'hrdt'
[2m2024-10-26 16:56:38.325[0;39m [32mDEBUG[0;39m [35m1758[0;39m [2m---[0;39m [2m[nio-8080-exec-9][0;39m [36mVocationMapper.getDocTypeList           [0;39m [2m:[0;39m ==> Parameters: 
[2m2024-10-26 16:56:38.327[0;39m [32mDEBUG[0;39m [35m1758[0;39m [2m---[0;39m [2m[nio-8080-exec-9][0;39m [36mVocationMapper.getDocTypeList           [0;39m [2m:[0;39m <==      Total: 3
[2m2024-10-26 16:56:38.328[0;39m [32mDEBUG[0;39m [35m1758[0;39m [2m---[0;39m [2m[nio-8080-exec-9][0;39m [36morg.mybatis.spring.SqlSessionUtils      [0;39m [2m:[0;39m Closing non transactional SqlSession [org.apache.ibatis.session.defaults.DefaultSqlSession@3e8b4c2c]
[2m2024-10-26 16:56:38.328[0;39m [32mDEBUG[0;39m [35m1758[0;39m [2m---[0;39m [2m[nio-8080-exec-9][0;39m [36morg.mybatis.spring.SqlSessionUtils      [0;39m [2m:[0;39m Creating a new SqlSession
[2m2024-10-26 16:56:38.328[0;39m [32mDEBUG[0;39m [35m1758[0;39m [2m---[0;39m [2m[nio-8080-exec-9][0;39m [36morg.mybatis.spring.SqlSessionUtils      [0;39m [2m:[0;39m SqlSession [org.apache.ibatis.session.defaults.DefaultSqlSession@6f39165e] was not registered for synchronization because synchronization is not active
[2m2024-10-26 16:56:38.328[0;39m [32mDEBUG[0;39m [35m1758[0;39m [2m---[0;39m [2m[nio-8080-exec-9][0;39m [36mo.m.s.t.SpringManagedTransaction        [0;39m [2m:[0;39m JDBC Connection [HikariProxyConnection@474751561 wrapping com.mysql.cj.jdbc.ConnectionImpl@7a9c7a60] will not be managed by Spring
[2m2024-10-26 16:56:38.328[0;39m [32mDEBUG[0;39m [35m1758[0;39m [2m---[0;39m [2m[nio-8080-exec-9][0;39m [36mVocationMapper.getVocTypeList           [0;39m [2m:[0;39m ==>  Preparing: select codeclass,code,codename,codedesc,created,createdat,updated,updatedat from common_code where codeclass = 'hrvt'
[2m2024-10-26 16:56:38.328[0;39m [32mDEBUG[0;39m [35m1758[0;39m [2m---[0;39m [2m[nio-8080-exec-9][0;39m [36mVocationMapper.getVocTypeList           [0;39m [2m:[0;39m ==> Parameters: 
[2m2024-10-26 16:56:38.334[0;39m [32mDEBUG[0;39m [35m1758[0;39m [2m---[0;39m [2m[nio-8080-exec-9][0;39m [36mVocationMapper.getVocTypeList           [0;39m [2m:[0;39m <==      Total: 3
[2m2024-10-26 16:56:38.334[0;39m [32mDEBUG[0;39m [35m1758[0;39m [2m---[0;39m [2m[nio-8080-exec-9][0;39m [36morg.mybatis.spring.SqlSessionUtils      [0;39m [2m:[0;39m Closing non transactional SqlSession [org.apache.ibatis.session.defaults.DefaultSqlSession@6f39165e]
[2m2024-10-26 16:56:44.105[0;39m [32mDEBUG[0;39m [35m1758[0;39m [2m---[0;39m [2m[io-8080-exec-10][0;39m [36morg.mybatis.spring.SqlSessionUtils      [0;39m [2m:[0;39m Creating a new SqlSession
[2m2024-10-26 16:56:44.106[0;39m [32mDEBUG[0;39m [35m1758[0;39m [2m---[0;39m [2m[io-8080-exec-10][0;39m [36morg.mybatis.spring.SqlSessionUtils      [0;39m [2m:[0;39m SqlSession [org.apache.ibatis.session.defaults.DefaultSqlSession@675f6ced] was not registered for synchronization because synchronization is not active
[2m2024-10-26 16:56:44.107[0;39m [32mDEBUG[0;39m [35m1758[0;39m [2m---[0;39m [2m[io-8080-exec-10][0;39m [36mo.m.s.t.SpringManagedTransaction        [0;39m [2m:[0;39m JDBC Connection [HikariProxyConnection@1771609718 wrapping com.mysql.cj.jdbc.ConnectionImpl@7a9c7a60] will not be managed by Spring
[2m2024-10-26 16:56:44.107[0;39m [32mDEBUG[0;39m [35m1758[0;39m [2m---[0;39m [2m[io-8080-exec-10][0;39m [36mApprvMapper.apprvList                   [0;39m [2m:[0;39m ==>  Preparing: SELECT ap.docid, ap.year, ap.doccategory, c3.codename AS doccategorynm, ap.deptid, d.deptname, ap.empid, e.empname, ap.doctype, c2.codename AS doctypenm, ap.apprvstatus, c1.codename AS apprvstatusnm, ap.created, ap.createdat, ap.updated, ap.updatedat, pro.apprvid, pro.apprvseq, pro.apprvcomment, pro.apprvstatus AS apprvProStatus, c4.codename AS apprvProStatusNM , (select pro2.apprvstatus from approveprocess pro2 where pro2.docid = pro.docid and pro2.apprvseq = pro.apprvseq - 1 ) preStatus FROM approvedocument ap, approveprocess pro, department d, employee e, common_code c1, common_code c2, common_code c3, common_code c4 WHERE pro.empid = ? AND pro.docid = ap.docid AND ap.deptid = d.deptid AND ap.empid = e.empid AND ap.doccategory = c3.code AND c3.codeclass = 'hrdc' AND ap.doctype = c2.code AND c2.codeclass = 'hrdt' AND ap.apprvstatus = c1.code AND c1.codeclass = 'hras' AND pro.apprvstatus = c4.code AND c4.codeclass = 'hras'
[2m2024-10-26 16:56:44.108[0;39m [32mDEBUG[0;39m [35m1758[0;39m [2m---[0;39m [2m[io-8080-exec-10][0;39m [36mApprvMapper.apprvList                   [0;39m [2m:[0;39m ==> Parameters: 2024070901(String)
[2m2024-10-26 16:56:44.116[0;39m [32mDEBUG[0;39m [35m1758[0;39m [2m---[0;39m [2m[io-8080-exec-10][0;39m [36mApprvMapper.apprvList                   [0;39m [2m:[0;39m <==      Total: 0
[2m2024-10-26 16:56:44.117[0;39m [32mDEBUG[0;39m [35m1758[0;39m [2m---[0;39m [2m[io-8080-exec-10][0;39m [36morg.mybatis.spring.SqlSessionUtils      [0;39m [2m:[0;39m Closing non transactional SqlSession [org.apache.ibatis.session.defaults.DefaultSqlSession@675f6ced]
[2m2024-10-26 16:56:45.022[0;39m [32mDEBUG[0;39m [35m1758[0;39m [2m---[0;39m [2m[nio-8080-exec-1][0;39m [36morg.mybatis.spring.SqlSessionUtils      [0;39m [2m:[0;39m Creating a new SqlSession
[2m2024-10-26 16:56:45.022[0;39m [32mDEBUG[0;39m [35m1758[0;39m [2m---[0;39m [2m[nio-8080-exec-1][0;39m [36morg.mybatis.spring.SqlSessionUtils      [0;39m [2m:[0;39m SqlSession [org.apache.ibatis.session.defaults.DefaultSqlSession@4354983] was not registered for synchronization because synchronization is not active
[2m2024-10-26 16:56:45.023[0;39m [32mDEBUG[0;39m [35m1758[0;39m [2m---[0;39m [2m[nio-8080-exec-1][0;39m [36mo.m.s.t.SpringManagedTransaction        [0;39m [2m:[0;39m JDBC Connection [HikariProxyConnection@1085819154 wrapping com.mysql.cj.jdbc.ConnectionImpl@7a9c7a60] will not be managed by Spring
[2m2024-10-26 16:56:45.023[0;39m [32mDEBUG[0;39m [35m1758[0;39m [2m---[0;39m [2m[nio-8080-exec-1][0;39m [36mEmpMapper.getEmpByUsername              [0;39m [2m:[0;39m ==>  Preparing: SELECT employee.empid, employee.empname, employee.rgstno, employee.telcom, employee.telhom, employee.telcel, employee.emailcom, employee.emailpsn, employee.emailpay, employee.deptid, department.deptname, employee.hrjp, employee.retireyn, employee.datehire, employee.dateretire, employee.created, employee.createdat, employee.updated, employee.updatedat from employee, department where employee.empid = ? and employee.deptid = department.deptid
[2m2024-10-26 16:56:45.024[0;39m [32mDEBUG[0;39m [35m1758[0;39m [2m---[0;39m [2m[nio-8080-exec-1][0;39m [36mEmpMapper.getEmpByUsername              [0;39m [2m:[0;39m ==> Parameters: 2024070901(String)
[2m2024-10-26 16:56:45.028[0;39m [32mDEBUG[0;39m [35m1758[0;39m [2m---[0;39m [2m[nio-8080-exec-1][0;39m [36mEmpMapper.getEmpByUsername              [0;39m [2m:[0;39m <==      Total: 1
[2m2024-10-26 16:56:45.028[0;39m [32mDEBUG[0;39m [35m1758[0;39m [2m---[0;39m [2m[nio-8080-exec-1][0;39m [36morg.mybatis.spring.SqlSessionUtils      [0;39m [2m:[0;39m Closing non transactional SqlSession [org.apache.ibatis.session.defaults.DefaultSqlSession@4354983]
[2m2024-10-26 16:56:45.029[0;39m [32mDEBUG[0;39m [35m1758[0;39m [2m---[0;39m [2m[nio-8080-exec-1][0;39m [36morg.mybatis.spring.SqlSessionUtils      [0;39m [2m:[0;39m Creating a new SqlSession
[2m2024-10-26 16:56:45.029[0;39m [32mDEBUG[0;39m [35m1758[0;39m [2m---[0;39m [2m[nio-8080-exec-1][0;39m [36morg.mybatis.spring.SqlSessionUtils      [0;39m [2m:[0;39m SqlSession [org.apache.ibatis.session.defaults.DefaultSqlSession@1f8023cd] was not registered for synchronization because synchronization is not active
[2m2024-10-26 16:56:45.030[0;39m [32mDEBUG[0;39m [35m1758[0;39m [2m---[0;39m [2m[nio-8080-exec-1][0;39m [36mo.m.s.t.SpringManagedTransaction        [0;39m [2m:[0;39m JDBC Connection [HikariProxyConnection@836176111 wrapping com.mysql.cj.jdbc.ConnectionImpl@7a9c7a60] will not be managed by Spring
[2m2024-10-26 16:56:45.030[0;39m [32mDEBUG[0;39m [35m1758[0;39m [2m---[0;39m [2m[nio-8080-exec-1][0;39m [36mDeptMapper.getApprvLine                 [0;39m [2m:[0;39m ==>  Preparing: with recursive result (deptid, deptname, pdeptid, empid) as ( select deptid, deptname, pdeptid, empid from department where deptid = ? union all select rec.deptid, rec.deptname, rec.pdeptid, rec.empid from department rec inner join result on rec.deptid = result.pdeptid ) select result.deptid, result.deptname, result.pdeptid, result.empid , employee.empname, employee.hrjp, common_code.codename as hrjpname from result, employee, common_code where result.empid = employee.empid and employee.hrjp = common_code.code and common_code.codeclass = 'hrjp' order by deptid desc
[2m2024-10-26 16:56:45.032[0;39m [32mDEBUG[0;39m [35m1758[0;39m [2m---[0;39m [2m[nio-8080-exec-1][0;39m [36mDeptMapper.getApprvLine                 [0;39m [2m:[0;39m ==> Parameters: 1110000000(String)
[2m2024-10-26 16:56:45.036[0;39m [32mDEBUG[0;39m [35m1758[0;39m [2m---[0;39m [2m[nio-8080-exec-1][0;39m [36mDeptMapper.getApprvLine                 [0;39m [2m:[0;39m <==      Total: 3
[2m2024-10-26 16:56:45.037[0;39m [32mDEBUG[0;39m [35m1758[0;39m [2m---[0;39m [2m[nio-8080-exec-1][0;39m [36morg.mybatis.spring.SqlSessionUtils      [0;39m [2m:[0;39m Closing non transactional SqlSession [org.apache.ibatis.session.defaults.DefaultSqlSession@1f8023cd]
[2m2024-10-26 16:56:45.037[0;39m [32mDEBUG[0;39m [35m1758[0;39m [2m---[0;39m [2m[nio-8080-exec-1][0;39m [36morg.mybatis.spring.SqlSessionUtils      [0;39m [2m:[0;39m Creating a new SqlSession
[2m2024-10-26 16:56:45.037[0;39m [32mDEBUG[0;39m [35m1758[0;39m [2m---[0;39m [2m[nio-8080-exec-1][0;39m [36morg.mybatis.spring.SqlSessionUtils      [0;39m [2m:[0;39m SqlSession [org.apache.ibatis.session.defaults.DefaultSqlSession@4a44be71] was not registered for synchronization because synchronization is not active
[2m2024-10-26 16:56:45.037[0;39m [32mDEBUG[0;39m [35m1758[0;39m [2m---[0;39m [2m[nio-8080-exec-1][0;39m [36mo.m.s.t.SpringManagedTransaction        [0;39m [2m:[0;39m JDBC Connection [HikariProxyConnection@1422156479 wrapping com.mysql.cj.jdbc.ConnectionImpl@7a9c7a60] will not be managed by Spring
[2m2024-10-26 16:56:45.038[0;39m [32mDEBUG[0;39m [35m1758[0;39m [2m---[0;39m [2m[nio-8080-exec-1][0;39m [36mVocationMapper.getDocCategoryList       [0;39m [2m:[0;39m ==>  Preparing: select codeclass,code,codename,codedesc,created,createdat,updated,updatedat from common_code where codeclass = 'hrdc'
[2m2024-10-26 16:56:45.038[0;39m [32mDEBUG[0;39m [35m1758[0;39m [2m---[0;39m [2m[nio-8080-exec-1][0;39m [36mVocationMapper.getDocCategoryList       [0;39m [2m:[0;39m ==> Parameters: 
[2m2024-10-26 16:56:45.040[0;39m [32mDEBUG[0;39m [35m1758[0;39m [2m---[0;39m [2m[nio-8080-exec-1][0;39m [36mVocationMapper.getDocCategoryList       [0;39m [2m:[0;39m <==      Total: 2
[2m2024-10-26 16:56:45.040[0;39m [32mDEBUG[0;39m [35m1758[0;39m [2m---[0;39m [2m[nio-8080-exec-1][0;39m [36morg.mybatis.spring.SqlSessionUtils      [0;39m [2m:[0;39m Closing non transactional SqlSession [org.apache.ibatis.session.defaults.DefaultSqlSession@4a44be71]
[2m2024-10-26 16:56:45.040[0;39m [32mDEBUG[0;39m [35m1758[0;39m [2m---[0;39m [2m[nio-8080-exec-1][0;39m [36morg.mybatis.spring.SqlSessionUtils      [0;39m [2m:[0;39m Creating a new SqlSession
[2m2024-10-26 16:56:45.040[0;39m [32mDEBUG[0;39m [35m1758[0;39m [2m---[0;39m [2m[nio-8080-exec-1][0;39m [36morg.mybatis.spring.SqlSessionUtils      [0;39m [2m:[0;39m SqlSession [org.apache.ibatis.session.defaults.DefaultSqlSession@47dad9ca] was not registered for synchronization because synchronization is not active
[2m2024-10-26 16:56:45.040[0;39m [32mDEBUG[0;39m [35m1758[0;39m [2m---[0;39m [2m[nio-8080-exec-1][0;39m [36mo.m.s.t.SpringManagedTransaction        [0;39m [2m:[0;39m JDBC Connection [HikariProxyConnection@671240310 wrapping com.mysql.cj.jdbc.ConnectionImpl@7a9c7a60] will not be managed by Spring
[2m2024-10-26 16:56:45.040[0;39m [32mDEBUG[0;39m [35m1758[0;39m [2m---[0;39m [2m[nio-8080-exec-1][0;39m [36mVocationMapper.getDocTypeList           [0;39m [2m:[0;39m ==>  Preparing: select codeclass,code,codename,codedesc,created,createdat,updated,updatedat from common_code where codeclass = 'hrdt'
[2m2024-10-26 16:56:45.040[0;39m [32mDEBUG[0;39m [35m1758[0;39m [2m---[0;39m [2m[nio-8080-exec-1][0;39m [36mVocationMapper.getDocTypeList           [0;39m [2m:[0;39m ==> Parameters: 
[2m2024-10-26 16:56:45.042[0;39m [32mDEBUG[0;39m [35m1758[0;39m [2m---[0;39m [2m[nio-8080-exec-1][0;39m [36mVocationMapper.getDocTypeList           [0;39m [2m:[0;39m <==      Total: 3
[2m2024-10-26 16:56:45.043[0;39m [32mDEBUG[0;39m [35m1758[0;39m [2m---[0;39m [2m[nio-8080-exec-1][0;39m [36morg.mybatis.spring.SqlSessionUtils      [0;39m [2m:[0;39m Closing non transactional SqlSession [org.apache.ibatis.session.defaults.DefaultSqlSession@47dad9ca]
[2m2024-10-26 16:56:45.043[0;39m [32mDEBUG[0;39m [35m1758[0;39m [2m---[0;39m [2m[nio-8080-exec-1][0;39m [36morg.mybatis.spring.SqlSessionUtils      [0;39m [2m:[0;39m Creating a new SqlSession
[2m2024-10-26 16:56:45.043[0;39m [32mDEBUG[0;39m [35m1758[0;39m [2m---[0;39m [2m[nio-8080-exec-1][0;39m [36morg.mybatis.spring.SqlSessionUtils      [0;39m [2m:[0;39m SqlSession [org.apache.ibatis.session.defaults.DefaultSqlSession@6e0dc557] was not registered for synchronization because synchronization is not active
[2m2024-10-26 16:56:45.043[0;39m [32mDEBUG[0;39m [35m1758[0;39m [2m---[0;39m [2m[nio-8080-exec-1][0;39m [36mo.m.s.t.SpringManagedTransaction        [0;39m [2m:[0;39m JDBC Connection [HikariProxyConnection@2139641301 wrapping com.mysql.cj.jdbc.ConnectionImpl@7a9c7a60] will not be managed by Spring
[2m2024-10-26 16:56:45.043[0;39m [32mDEBUG[0;39m [35m1758[0;39m [2m---[0;39m [2m[nio-8080-exec-1][0;39m [36mVocationMapper.getVocTypeList           [0;39m [2m:[0;39m ==>  Preparing: select codeclass,code,codename,codedesc,created,createdat,updated,updatedat from common_code where codeclass = 'hrvt'
[2m2024-10-26 16:56:45.043[0;39m [32mDEBUG[0;39m [35m1758[0;39m [2m---[0;39m [2m[nio-8080-exec-1][0;39m [36mVocationMapper.getVocTypeList           [0;39m [2m:[0;39m ==> Parameters: 
[2m2024-10-26 16:56:45.048[0;39m [32mDEBUG[0;39m [35m1758[0;39m [2m---[0;39m [2m[nio-8080-exec-1][0;39m [36mVocationMapper.getVocTypeList           [0;39m [2m:[0;39m <==      Total: 3
[2m2024-10-26 16:56:45.048[0;39m [32mDEBUG[0;39m [35m1758[0;39m [2m---[0;39m [2m[nio-8080-exec-1][0;39m [36morg.mybatis.spring.SqlSessionUtils      [0;39m [2m:[0;39m Closing non transactional SqlSession [org.apache.ibatis.session.defaults.DefaultSqlSession@6e0dc557]
[2m2024-10-26 16:57:05.663[0;39m [32mDEBUG[0;39m [35m1758[0;39m [2m---[0;39m [2m[l-1 housekeeper][0;39m [36mcom.zaxxer.hikari.pool.HikariPool       [0;39m [2m:[0;39m HikariPool-1 - Pool stats (total=10, active=0, idle=10, waiting=0)
[2m2024-10-26 16:57:05.663[0;39m [32mDEBUG[0;39m [35m1758[0;39m [2m---[0;39m [2m[l-1 housekeeper][0;39m [36mcom.zaxxer.hikari.pool.HikariPool       [0;39m [2m:[0;39m HikariPool-1 - Fill pool skipped, pool has sufficient level or currently being filled (queueDepth=0).
[2m2024-10-26 16:57:35.664[0;39m [32mDEBUG[0;39m [35m1758[0;39m [2m---[0;39m [2m[l-1 housekeeper][0;39m [36mcom.zaxxer.hikari.pool.HikariPool       [0;39m [2m:[0;39m HikariPool-1 - Pool stats (total=10, active=0, idle=10, waiting=0)
[2m2024-10-26 16:57:35.664[0;39m [32mDEBUG[0;39m [35m1758[0;39m [2m---[0;39m [2m[l-1 housekeeper][0;39m [36mcom.zaxxer.hikari.pool.HikariPool       [0;39m [2m:[0;39m HikariPool-1 - Fill pool skipped, pool has sufficient level or currently being filled (queueDepth=0).
[2m2024-10-26 16:57:50.360[0;39m [32mDEBUG[0;39m [35m1758[0;39m [2m---[0;39m [2m[nio-8080-exec-4][0;39m [36morg.mybatis.spring.SqlSessionUtils      [0;39m [2m:[0;39m Creating a new SqlSession
[2m2024-10-26 16:57:50.360[0;39m [32mDEBUG[0;39m [35m1758[0;39m [2m---[0;39m [2m[nio-8080-exec-4][0;39m [36morg.mybatis.spring.SqlSessionUtils      [0;39m [2m:[0;39m SqlSession [org.apache.ibatis.session.defaults.DefaultSqlSession@2aff3247] was not registered for synchronization because synchronization is not active
[2m2024-10-26 16:57:50.361[0;39m [32mDEBUG[0;39m [35m1758[0;39m [2m---[0;39m [2m[nio-8080-exec-4][0;39m [36mo.m.s.t.SpringManagedTransaction        [0;39m [2m:[0;39m JDBC Connection [HikariProxyConnection@1642388766 wrapping com.mysql.cj.jdbc.ConnectionImpl@7a9c7a60] will not be managed by Spring
[2m2024-10-26 16:57:50.361[0;39m [32mDEBUG[0;39m [35m1758[0;39m [2m---[0;39m [2m[nio-8080-exec-4][0;39m [36mEmpMapper.getEmpByUsername              [0;39m [2m:[0;39m ==>  Preparing: SELECT employee.empid, employee.empname, employee.rgstno, employee.telcom, employee.telhom, employee.telcel, employee.emailcom, employee.emailpsn, employee.emailpay, employee.deptid, department.deptname, employee.hrjp, employee.retireyn, employee.datehire, employee.dateretire, employee.created, employee.createdat, employee.updated, employee.updatedat from employee, department where employee.empid = ? and employee.deptid = department.deptid
[2m2024-10-26 16:57:50.361[0;39m [32mDEBUG[0;39m [35m1758[0;39m [2m---[0;39m [2m[nio-8080-exec-4][0;39m [36mEmpMapper.getEmpByUsername              [0;39m [2m:[0;39m ==> Parameters: 2024070901(String)
[2m2024-10-26 16:57:50.362[0;39m [32mDEBUG[0;39m [35m1758[0;39m [2m---[0;39m [2m[nio-8080-exec-4][0;39m [36mEmpMapper.getEmpByUsername              [0;39m [2m:[0;39m <==      Total: 1
[2m2024-10-26 16:57:50.362[0;39m [32mDEBUG[0;39m [35m1758[0;39m [2m---[0;39m [2m[nio-8080-exec-4][0;39m [36morg.mybatis.spring.SqlSessionUtils      [0;39m [2m:[0;39m Closing non transactional SqlSession [org.apache.ibatis.session.defaults.DefaultSqlSession@2aff3247]
[2m2024-10-26 16:57:50.362[0;39m [32mDEBUG[0;39m [35m1758[0;39m [2m---[0;39m [2m[nio-8080-exec-4][0;39m [36morg.mybatis.spring.SqlSessionUtils      [0;39m [2m:[0;39m Creating a new SqlSession
[2m2024-10-26 16:57:50.362[0;39m [32mDEBUG[0;39m [35m1758[0;39m [2m---[0;39m [2m[nio-8080-exec-4][0;39m [36morg.mybatis.spring.SqlSessionUtils      [0;39m [2m:[0;39m SqlSession [org.apache.ibatis.session.defaults.DefaultSqlSession@19eea978] was not registered for synchronization because synchronization is not active
[2m2024-10-26 16:57:50.362[0;39m [32mDEBUG[0;39m [35m1758[0;39m [2m---[0;39m [2m[nio-8080-exec-4][0;39m [36mo.m.s.t.SpringManagedTransaction        [0;39m [2m:[0;39m JDBC Connection [HikariProxyConnection@1255197960 wrapping com.mysql.cj.jdbc.ConnectionImpl@7a9c7a60] will not be managed by Spring
[2m2024-10-26 16:57:50.362[0;39m [32mDEBUG[0;39m [35m1758[0;39m [2m---[0;39m [2m[nio-8080-exec-4][0;39m [36mDeptMapper.getApprvLine                 [0;39m [2m:[0;39m ==>  Preparing: with recursive result (deptid, deptname, pdeptid, empid) as ( select deptid, deptname, pdeptid, empid from department where deptid = ? union all select rec.deptid, rec.deptname, rec.pdeptid, rec.empid from department rec inner join result on rec.deptid = result.pdeptid ) select result.deptid, result.deptname, result.pdeptid, result.empid , employee.empname, employee.hrjp, common_code.codename as hrjpname from result, employee, common_code where result.empid = employee.empid and employee.hrjp = common_code.code and common_code.codeclass = 'hrjp' order by deptid desc
[2m2024-10-26 16:57:50.363[0;39m [32mDEBUG[0;39m [35m1758[0;39m [2m---[0;39m [2m[nio-8080-exec-4][0;39m [36mDeptMapper.getApprvLine                 [0;39m [2m:[0;39m ==> Parameters: 1110000000(String)
[2m2024-10-26 16:57:50.366[0;39m [32mDEBUG[0;39m [35m1758[0;39m [2m---[0;39m [2m[nio-8080-exec-4][0;39m [36mDeptMapper.getApprvLine                 [0;39m [2m:[0;39m <==      Total: 3
[2m2024-10-26 16:57:50.366[0;39m [32mDEBUG[0;39m [35m1758[0;39m [2m---[0;39m [2m[nio-8080-exec-4][0;39m [36morg.mybatis.spring.SqlSessionUtils      [0;39m [2m:[0;39m Closing non transactional SqlSession [org.apache.ibatis.session.defaults.DefaultSqlSession@19eea978]
[2m2024-10-26 16:57:50.366[0;39m [32mDEBUG[0;39m [35m1758[0;39m [2m---[0;39m [2m[nio-8080-exec-4][0;39m [36morg.mybatis.spring.SqlSessionUtils      [0;39m [2m:[0;39m Creating a new SqlSession
[2m2024-10-26 16:57:50.366[0;39m [32mDEBUG[0;39m [35m1758[0;39m [2m---[0;39m [2m[nio-8080-exec-4][0;39m [36morg.mybatis.spring.SqlSessionUtils      [0;39m [2m:[0;39m SqlSession [org.apache.ibatis.session.defaults.DefaultSqlSession@4e9ef361] was not registered for synchronization because synchronization is not active
[2m2024-10-26 16:57:50.366[0;39m [32mDEBUG[0;39m [35m1758[0;39m [2m---[0;39m [2m[nio-8080-exec-4][0;39m [36mo.m.s.t.SpringManagedTransaction        [0;39m [2m:[0;39m JDBC Connection [HikariProxyConnection@486291262 wrapping com.mysql.cj.jdbc.ConnectionImpl@7a9c7a60] will not be managed by Spring
[2m2024-10-26 16:57:50.366[0;39m [32mDEBUG[0;39m [35m1758[0;39m [2m---[0;39m [2m[nio-8080-exec-4][0;39m [36mVocationMapper.getDocCategoryList       [0;39m [2m:[0;39m ==>  Preparing: select codeclass,code,codename,codedesc,created,createdat,updated,updatedat from common_code where codeclass = 'hrdc'
[2m2024-10-26 16:57:50.366[0;39m [32mDEBUG[0;39m [35m1758[0;39m [2m---[0;39m [2m[nio-8080-exec-4][0;39m [36mVocationMapper.getDocCategoryList       [0;39m [2m:[0;39m ==> Parameters: 
[2m2024-10-26 16:57:50.368[0;39m [32mDEBUG[0;39m [35m1758[0;39m [2m---[0;39m [2m[nio-8080-exec-4][0;39m [36mVocationMapper.getDocCategoryList       [0;39m [2m:[0;39m <==      Total: 2
[2m2024-10-26 16:57:50.369[0;39m [32mDEBUG[0;39m [35m1758[0;39m [2m---[0;39m [2m[nio-8080-exec-4][0;39m [36morg.mybatis.spring.SqlSessionUtils      [0;39m [2m:[0;39m Closing non transactional SqlSession [org.apache.ibatis.session.defaults.DefaultSqlSession@4e9ef361]
[2m2024-10-26 16:57:50.369[0;39m [32mDEBUG[0;39m [35m1758[0;39m [2m---[0;39m [2m[nio-8080-exec-4][0;39m [36morg.mybatis.spring.SqlSessionUtils      [0;39m [2m:[0;39m Creating a new SqlSession
[2m2024-10-26 16:57:50.369[0;39m [32mDEBUG[0;39m [35m1758[0;39m [2m---[0;39m [2m[nio-8080-exec-4][0;39m [36morg.mybatis.spring.SqlSessionUtils      [0;39m [2m:[0;39m SqlSession [org.apache.ibatis.session.defaults.DefaultSqlSession@40db1a6e] was not registered for synchronization because synchronization is not active
[2m2024-10-26 16:57:50.369[0;39m [32mDEBUG[0;39m [35m1758[0;39m [2m---[0;39m [2m[nio-8080-exec-4][0;39m [36mo.m.s.t.SpringManagedTransaction        [0;39m [2m:[0;39m JDBC Connection [HikariProxyConnection@2011618210 wrapping com.mysql.cj.jdbc.ConnectionImpl@7a9c7a60] will not be managed by Spring
[2m2024-10-26 16:57:50.369[0;39m [32mDEBUG[0;39m [35m1758[0;39m [2m---[0;39m [2m[nio-8080-exec-4][0;39m [36mVocationMapper.getDocTypeList           [0;39m [2m:[0;39m ==>  Preparing: select codeclass,code,codename,codedesc,created,createdat,updated,updatedat from common_code where codeclass = 'hrdt'
[2m2024-10-26 16:57:50.369[0;39m [32mDEBUG[0;39m [35m1758[0;39m [2m---[0;39m [2m[nio-8080-exec-4][0;39m [36mVocationMapper.getDocTypeList           [0;39m [2m:[0;39m ==> Parameters: 
[2m2024-10-26 16:57:50.370[0;39m [32mDEBUG[0;39m [35m1758[0;39m [2m---[0;39m [2m[nio-8080-exec-4][0;39m [36mVocationMapper.getDocTypeList           [0;39m [2m:[0;39m <==      Total: 3
[2m2024-10-26 16:57:50.370[0;39m [32mDEBUG[0;39m [35m1758[0;39m [2m---[0;39m [2m[nio-8080-exec-4][0;39m [36morg.mybatis.spring.SqlSessionUtils      [0;39m [2m:[0;39m Closing non transactional SqlSession [org.apache.ibatis.session.defaults.DefaultSqlSession@40db1a6e]
[2m2024-10-26 16:57:50.371[0;39m [32mDEBUG[0;39m [35m1758[0;39m [2m---[0;39m [2m[nio-8080-exec-4][0;39m [36morg.mybatis.spring.SqlSessionUtils      [0;39m [2m:[0;39m Creating a new SqlSession
[2m2024-10-26 16:57:50.371[0;39m [32mDEBUG[0;39m [35m1758[0;39m [2m---[0;39m [2m[nio-8080-exec-4][0;39m [36morg.mybatis.spring.SqlSessionUtils      [0;39m [2m:[0;39m SqlSession [org.apache.ibatis.session.defaults.DefaultSqlSession@2b3ea36f] was not registered for synchronization because synchronization is not active
[2m2024-10-26 16:57:50.371[0;39m [32mDEBUG[0;39m [35m1758[0;39m [2m---[0;39m [2m[nio-8080-exec-4][0;39m [36mo.m.s.t.SpringManagedTransaction        [0;39m [2m:[0;39m JDBC Connection [HikariProxyConnection@858702860 wrapping com.mysql.cj.jdbc.ConnectionImpl@7a9c7a60] will not be managed by Spring
[2m2024-10-26 16:57:50.371[0;39m [32mDEBUG[0;39m [35m1758[0;39m [2m---[0;39m [2m[nio-8080-exec-4][0;39m [36mVocationMapper.getVocTypeList           [0;39m [2m:[0;39m ==>  Preparing: select codeclass,code,codename,codedesc,created,createdat,updated,updatedat from common_code where codeclass = 'hrvt'
[2m2024-10-26 16:57:50.371[0;39m [32mDEBUG[0;39m [35m1758[0;39m [2m---[0;39m [2m[nio-8080-exec-4][0;39m [36mVocationMapper.getVocTypeList           [0;39m [2m:[0;39m ==> Parameters: 
[2m2024-10-26 16:57:50.372[0;39m [32mDEBUG[0;39m [35m1758[0;39m [2m---[0;39m [2m[nio-8080-exec-4][0;39m [36mVocationMapper.getVocTypeList           [0;39m [2m:[0;39m <==      Total: 3
[2m2024-10-26 16:57:50.372[0;39m [32mDEBUG[0;39m [35m1758[0;39m [2m---[0;39m [2m[nio-8080-exec-4][0;39m [36morg.mybatis.spring.SqlSessionUtils      [0;39m [2m:[0;39m Closing non transactional SqlSession [org.apache.ibatis.session.defaults.DefaultSqlSession@2b3ea36f]
[2m2024-10-26 16:57:51.731[0;39m [32mDEBUG[0;39m [35m1758[0;39m [2m---[0;39m [2m[nio-8080-exec-5][0;39m [36morg.mybatis.spring.SqlSessionUtils      [0;39m [2m:[0;39m Creating a new SqlSession
[2m2024-10-26 16:57:51.731[0;39m [32mDEBUG[0;39m [35m1758[0;39m [2m---[0;39m [2m[nio-8080-exec-5][0;39m [36morg.mybatis.spring.SqlSessionUtils      [0;39m [2m:[0;39m SqlSession [org.apache.ibatis.session.defaults.DefaultSqlSession@6b3702] was not registered for synchronization because synchronization is not active
[2m2024-10-26 16:57:51.732[0;39m [32mDEBUG[0;39m [35m1758[0;39m [2m---[0;39m [2m[nio-8080-exec-5][0;39m [36mo.m.s.t.SpringManagedTransaction        [0;39m [2m:[0;39m JDBC Connection [HikariProxyConnection@246208895 wrapping com.mysql.cj.jdbc.ConnectionImpl@7a9c7a60] will not be managed by Spring
[2m2024-10-26 16:57:51.733[0;39m [32mDEBUG[0;39m [35m1758[0;39m [2m---[0;39m [2m[nio-8080-exec-5][0;39m [36mApprvMapper.apprvList                   [0;39m [2m:[0;39m ==>  Preparing: SELECT ap.docid, ap.year, ap.doccategory, c3.codename AS doccategorynm, ap.deptid, d.deptname, ap.empid, e.empname, ap.doctype, c2.codename AS doctypenm, ap.apprvstatus, c1.codename AS apprvstatusnm, ap.created, ap.createdat, ap.updated, ap.updatedat, pro.apprvid, pro.apprvseq, pro.apprvcomment, pro.apprvstatus AS apprvProStatus, c4.codename AS apprvProStatusNM , (select pro2.apprvstatus from approveprocess pro2 where pro2.docid = pro.docid and pro2.apprvseq = pro.apprvseq - 1 ) preStatus FROM approvedocument ap, approveprocess pro, department d, employee e, common_code c1, common_code c2, common_code c3, common_code c4 WHERE pro.empid = ? AND pro.docid = ap.docid AND ap.deptid = d.deptid AND ap.empid = e.empid AND ap.doccategory = c3.code AND c3.codeclass = 'hrdc' AND ap.doctype = c2.code AND c2.codeclass = 'hrdt' AND ap.apprvstatus = c1.code AND c1.codeclass = 'hras' AND pro.apprvstatus = c4.code AND c4.codeclass = 'hras'
[2m2024-10-26 16:57:51.734[0;39m [32mDEBUG[0;39m [35m1758[0;39m [2m---[0;39m [2m[nio-8080-exec-5][0;39m [36mApprvMapper.apprvList                   [0;39m [2m:[0;39m ==> Parameters: 2024070901(String)
[2m2024-10-26 16:57:51.739[0;39m [32mDEBUG[0;39m [35m1758[0;39m [2m---[0;39m [2m[nio-8080-exec-5][0;39m [36mApprvMapper.apprvList                   [0;39m [2m:[0;39m <==      Total: 0
[2m2024-10-26 16:57:51.740[0;39m [32mDEBUG[0;39m [35m1758[0;39m [2m---[0;39m [2m[nio-8080-exec-5][0;39m [36morg.mybatis.spring.SqlSessionUtils      [0;39m [2m:[0;39m Closing non transactional SqlSession [org.apache.ibatis.session.defaults.DefaultSqlSession@6b3702]
[2m2024-10-26 16:58:05.669[0;39m [32mDEBUG[0;39m [35m1758[0;39m [2m---[0;39m [2m[l-1 housekeeper][0;39m [36mcom.zaxxer.hikari.pool.HikariPool       [0;39m [2m:[0;39m HikariPool-1 - Pool stats (total=10, active=0, idle=10, waiting=0)
[2m2024-10-26 16:58:05.670[0;39m [32mDEBUG[0;39m [35m1758[0;39m [2m---[0;39m [2m[l-1 housekeeper][0;39m [36mcom.zaxxer.hikari.pool.HikariPool       [0;39m [2m:[0;39m HikariPool-1 - Fill pool skipped, pool has sufficient level or currently being filled (queueDepth=0).
[2m2024-10-26 16:58:35.673[0;39m [32mDEBUG[0;39m [35m1758[0;39m [2m---[0;39m [2m[l-1 housekeeper][0;39m [36mcom.zaxxer.hikari.pool.HikariPool       [0;39m [2m:[0;39m HikariPool-1 - Pool stats (total=10, active=0, idle=10, waiting=0)
[2m2024-10-26 16:58:35.674[0;39m [32mDEBUG[0;39m [35m1758[0;39m [2m---[0;39m [2m[l-1 housekeeper][0;39m [36mcom.zaxxer.hikari.pool.HikariPool       [0;39m [2m:[0;39m HikariPool-1 - Fill pool skipped, pool has sufficient level or currently being filled (queueDepth=0).
[2m2024-10-26 16:59:05.679[0;39m [32mDEBUG[0;39m [35m1758[0;39m [2m---[0;39m [2m[l-1 housekeeper][0;39m [36mcom.zaxxer.hikari.pool.HikariPool       [0;39m [2m:[0;39m HikariPool-1 - Pool stats (total=10, active=0, idle=10, waiting=0)
[2m2024-10-26 16:59:05.679[0;39m [32mDEBUG[0;39m [35m1758[0;39m [2m---[0;39m [2m[l-1 housekeeper][0;39m [36mcom.zaxxer.hikari.pool.HikariPool       [0;39m [2m:[0;39m HikariPool-1 - Fill pool skipped, pool has sufficient level or currently being filled (queueDepth=0).
[2m2024-10-26 16:59:35.682[0;39m [32mDEBUG[0;39m [35m1758[0;39m [2m---[0;39m [2m[l-1 housekeeper][0;39m [36mcom.zaxxer.hikari.pool.HikariPool       [0;39m [2m:[0;39m HikariPool-1 - Pool stats (total=10, active=0, idle=10, waiting=0)
[2m2024-10-26 16:59:35.682[0;39m [32mDEBUG[0;39m [35m1758[0;39m [2m---[0;39m [2m[l-1 housekeeper][0;39m [36mcom.zaxxer.hikari.pool.HikariPool       [0;39m [2m:[0;39m HikariPool-1 - Fill pool skipped, pool has sufficient level or currently being filled (queueDepth=0).
[2m2024-10-26 16:59:52.856[0;39m [32m INFO[0;39m [35m1758[0;39m [2m---[0;39m [2m[ionShutdownHook][0;39m [36mcom.zaxxer.hikari.HikariDataSource      [0;39m [2m:[0;39m HikariPool-1 - Shutdown initiated...
[2m2024-10-26 16:59:52.856[0;39m [32mDEBUG[0;39m [35m1758[0;39m [2m---[0;39m [2m[ionShutdownHook][0;39m [36mcom.zaxxer.hikari.pool.HikariPool       [0;39m [2m:[0;39m HikariPool-1 - Before shutdown stats (total=10, active=0, idle=10, waiting=0)
[2m2024-10-26 16:59:52.857[0;39m [32mDEBUG[0;39m [35m1758[0;39m [2m---[0;39m [2m[nnection closer][0;39m [36mcom.zaxxer.hikari.pool.PoolBase         [0;39m [2m:[0;39m HikariPool-1 - Closing connection com.mysql.cj.jdbc.ConnectionImpl@7a9c7a60: (connection evicted)
[2m2024-10-26 16:59:52.858[0;39m [32mDEBUG[0;39m [35m1758[0;39m [2m---[0;39m [2m[nnection closer][0;39m [36mcom.zaxxer.hikari.pool.PoolBase         [0;39m [2m:[0;39m HikariPool-1 - Closing connection com.mysql.cj.jdbc.ConnectionImpl@4a41f153: (connection evicted)
[2m2024-10-26 16:59:52.858[0;39m [32mDEBUG[0;39m [35m1758[0;39m [2m---[0;39m [2m[nnection closer][0;39m [36mcom.zaxxer.hikari.pool.PoolBase         [0;39m [2m:[0;39m HikariPool-1 - Closing connection com.mysql.cj.jdbc.ConnectionImpl@7b419deb: (connection evicted)
[2m2024-10-26 16:59:52.859[0;39m [32mDEBUG[0;39m [35m1758[0;39m [2m---[0;39m [2m[nnection closer][0;39m [36mcom.zaxxer.hikari.pool.PoolBase         [0;39m [2m:[0;39m HikariPool-1 - Closing connection com.mysql.cj.jdbc.ConnectionImpl@2a6e0e1c: (connection evicted)
[2m2024-10-26 16:59:52.859[0;39m [32mDEBUG[0;39m [35m1758[0;39m [2m---[0;39m [2m[nnection closer][0;39m [36mcom.zaxxer.hikari.pool.PoolBase         [0;39m [2m:[0;39m HikariPool-1 - Closing connection com.mysql.cj.jdbc.ConnectionImpl@1e6032ca: (connection evicted)
[2m2024-10-26 16:59:52.859[0;39m [32mDEBUG[0;39m [35m1758[0;39m [2m---[0;39m [2m[nnection closer][0;39m [36mcom.zaxxer.hikari.pool.PoolBase         [0;39m [2m:[0;39m HikariPool-1 - Closing connection com.mysql.cj.jdbc.ConnectionImpl@12f50383: (connection evicted)
[2m2024-10-26 16:59:52.859[0;39m [32mDEBUG[0;39m [35m1758[0;39m [2m---[0;39m [2m[nnection closer][0;39m [36mcom.zaxxer.hikari.pool.PoolBase         [0;39m [2m:[0;39m HikariPool-1 - Closing connection com.mysql.cj.jdbc.ConnectionImpl@6fbf30cb: (connection evicted)
[2m2024-10-26 16:59:52.859[0;39m [32mDEBUG[0;39m [35m1758[0;39m [2m---[0;39m [2m[nnection closer][0;39m [36mcom.zaxxer.hikari.pool.PoolBase         [0;39m [2m:[0;39m HikariPool-1 - Closing connection com.mysql.cj.jdbc.ConnectionImpl@3cada125: (connection evicted)
[2m2024-10-26 16:59:52.860[0;39m [32mDEBUG[0;39m [35m1758[0;39m [2m---[0;39m [2m[nnection closer][0;39m [36mcom.zaxxer.hikari.pool.PoolBase         [0;39m [2m:[0;39m HikariPool-1 - Closing connection com.mysql.cj.jdbc.ConnectionImpl@63cf8b6f: (connection evicted)
[2m2024-10-26 16:59:52.860[0;39m [32mDEBUG[0;39m [35m1758[0;39m [2m---[0;39m [2m[nnection closer][0;39m [36mcom.zaxxer.hikari.pool.PoolBase         [0;39m [2m:[0;39m HikariPool-1 - Closing connection com.mysql.cj.jdbc.ConnectionImpl@462b9e70: (connection evicted)
[2m2024-10-26 16:59:52.860[0;39m [32mDEBUG[0;39m [35m1758[0;39m [2m---[0;39m [2m[ionShutdownHook][0;39m [36mcom.zaxxer.hikari.pool.HikariPool       [0;39m [2m:[0;39m HikariPool-1 - After shutdown stats (total=0, active=0, idle=0, waiting=0)
[2m2024-10-26 16:59:52.860[0;39m [32m INFO[0;39m [35m1758[0;39m [2m---[0;39m [2m[ionShutdownHook][0;39m [36mcom.zaxxer.hikari.HikariDataSource      [0;39m [2m:[0;39m HikariPool-1 - Shutdown completed.
